#
# A fatal error has been detected by the Java Runtime Environment:
#
#  Internal Error (classFileParser.cpp:3494), pid=28397, tid=140395364898560
#  Error: ShouldNotReachHere()
#
# JRE version: 6.0_23-b23
# Java VM: OpenJDK 64-Bit Server VM (20.0-b11 mixed mode linux-amd64 compressed oops)
# Derivative: IcedTea6 1.11pre
# Distribution: Ubuntu 11.10, package 6b23~pre11-0ubuntu1.11.10
# If you would like to submit a bug report, please include
# instructions how to reproduce the bug and visit:
#   https://bugs.launchpad.net/ubuntu/+source/openjdk-6/
#

---------------  T H R E A D  ---------------

Current thread (0x00000000021d2800):  JavaThread "Unknown thread" [_thread_in_vm, id=28402, stack(0x00007fb057ca5000,0x00007fb057da6000)]

Stack: [0x00007fb057ca5000,0x00007fb057da6000],  sp=0x00007fb057da4060,  free space=1020k
Native frames: (J=compiled Java code, j=interpreted, Vv=VM code, C=native code)
V  [libjvm.so+0x783225]  VMError::report(outputStream*)+0x1255
V  [libjvm.so+0x7834a9]  VMError::report_and_die()+0x169
V  [libjvm.so+0x3bb13a]  report_vm_error(char const*, int, char const*, char const*)+0x4a
V  [libjvm.so+0x351515]  ClassFileParser::parseClassFile(symbolHandle, Handle, Handle, KlassHandle, GrowableArray<Handle>*, symbolHandle&, bool, Thread*)+0x1545
V  [libjvm.so+0x355773]  ClassLoader::load_classfile(symbolHandle, Thread*)+0x1f3
V  [libjvm.so+0x71b564]  SystemDictionary::load_instance_class(symbolHandle, Handle, Thread*)+0x354
V  [libjvm.so+0x719c70]  SystemDictionary::resolve_instance_class_or_null(symbolHandle, Handle, Handle, Thread*)+0x7c0
V  [libjvm.so+0x71bbf3]  SystemDictionary::resolve_or_fail(symbolHandle, Handle, Handle, bool, Thread*)+0x33
V  [libjvm.so+0x71bcd4]  SystemDictionary::resolve_or_fail(symbolHandle, bool, Thread*)+0x14
V  [libjvm.so+0x71bd80]  SystemDictionary::initialize_wk_klass(SystemDictionary::WKID, int, Thread*)+0xa0
V  [libjvm.so+0x71bde9]  SystemDictionary::initialize_wk_klasses_until(SystemDictionary::WKID, SystemDictionary::WKID&, Thread*)+0x59
V  [libjvm.so+0x71bee1]  SystemDictionary::initialize_preloaded_classes(Thread*)+0x71
V  [libjvm.so+0x75f65f]  Universe::genesis(Thread*)+0x11f
V  [libjvm.so+0x76000f]  universe2_init()+0x1f
V  [libjvm.so+0x473ea5]  init_globals()+0x95
V  [libjvm.so+0x749f9a]  Threads::create_vm(JavaVMInitArgs*, bool*)+0x1ea
V  [libjvm.so+0x4cdb51]  JNI_CreateJavaVM+0x61
C  [java+0x315e]  JavaMain+0x7e


---------------  P R O C E S S  ---------------

Java Threads: ( => current thread )

Other Threads:

=>0x00000000021d2800 (exited) JavaThread "Unknown thread" [_thread_in_vm, id=28402, stack(0x00007fb057ca5000,0x00007fb057da6000)]

VM state:not at safepoint (not fully initialized)

VM Mutex/Monitor currently owned by a thread: None

Dynamic libraries:
00400000-00409000 r-xp 00000000 07:00 409907                             /usr/lib/jvm/java-6-openjdk/jre/bin/java
00608000-00609000 r--p 00008000 07:00 409907                             /usr/lib/jvm/java-6-openjdk/jre/bin/java
00609000-0060a000 rw-p 00009000 07:00 409907                             /usr/lib/jvm/java-6-openjdk/jre/bin/java
021c8000-021e9000 rw-p 00000000 00:00 0                                  [heap]
b9e00000-bb2c0000 rw-p 00000000 00:00 0 
bb2c0000-c4400000 rw-p 00000000 00:00 0 
c4400000-c6be0000 rw-p 00000000 00:00 0 
c6be0000-ec160000 rw-p 00000000 00:00 0 
ec160000-ed540000 rw-p 00000000 00:00 0 
ed540000-100000000 rw-p 00000000 00:00 0 
7fb04c000000-7fb04c057000 rw-p 00000000 00:00 0 
7fb04c057000-7fb050000000 ---p 00000000 00:00 0 
7fb05138c000-7fb0513eb000 r--s 00492000 07:00 753043                     /home/zazhu/android-sdk-linux/platforms/android-7/android.jar
7fb0513eb000-7fb051413000 rw-p 00000000 00:00 0 
7fb051413000-7fb051414000 ---p 00000000 00:00 0 
7fb051414000-7fb051514000 rw-p 00000000 00:00 0 
7fb051514000-7fb051515000 ---p 00000000 00:00 0 
7fb051515000-7fb051615000 rw-p 00000000 00:00 0 
7fb051615000-7fb051616000 ---p 00000000 00:00 0 
7fb051616000-7fb051716000 rw-p 00000000 00:00 0 
7fb051716000-7fb051717000 ---p 00000000 00:00 0 
7fb051717000-7fb051822000 rw-p 00000000 00:00 0 
7fb051822000-7fb05186a000 rw-p 00000000 00:00 0 
7fb05186a000-7fb05187e000 rw-p 00000000 00:00 0 
7fb05187e000-7fb0519a9000 rw-p 00000000 00:00 0 
7fb0519a9000-7fb0519b4000 rw-p 00000000 00:00 0 
7fb0519b4000-7fb0519fc000 rw-p 00000000 00:00 0 
7fb0519fc000-7fb051a10000 rw-p 00000000 00:00 0 
7fb051a10000-7fb051b3a000 rw-p 00000000 00:00 0 
7fb051b3a000-7fb051b45000 rw-p 00000000 00:00 0 
7fb051b45000-7fb051bda000 rw-p 00000000 00:00 0 
7fb051bda000-7fb051bdb000 rw-p 00000000 00:00 0 
7fb051bdb000-7fb051e4b000 rwxp 00000000 00:00 0 
7fb051e4b000-7fb054bdb000 rw-p 00000000 00:00 0 
7fb054bdb000-7fb054be2000 r-xp 00000000 07:00 1113114                    /usr/lib/jvm/java-6-openjdk/jre/lib/amd64/libzip.so
7fb054be2000-7fb054de1000 ---p 00007000 07:00 1113114                    /usr/lib/jvm/java-6-openjdk/jre/lib/amd64/libzip.so
7fb054de1000-7fb054de2000 r--p 00006000 07:00 1113114                    /usr/lib/jvm/java-6-openjdk/jre/lib/amd64/libzip.so
7fb054de2000-7fb054de3000 rw-p 00007000 07:00 1113114                    /usr/lib/jvm/java-6-openjdk/jre/lib/amd64/libzip.so
7fb054de3000-7fb054def000 r-xp 00000000 07:00 2188                       /lib/x86_64-linux-gnu/libnss_files-2.13.so
7fb054def000-7fb054fee000 ---p 0000c000 07:00 2188                       /lib/x86_64-linux-gnu/libnss_files-2.13.so
7fb054fee000-7fb054fef000 r--p 0000b000 07:00 2188                       /lib/x86_64-linux-gnu/libnss_files-2.13.so
7fb054fef000-7fb054ff0000 rw-p 0000c000 07:00 2188                       /lib/x86_64-linux-gnu/libnss_files-2.13.so
7fb054ff0000-7fb054ffa000 r-xp 00000000 07:00 2151                       /lib/x86_64-linux-gnu/libnss_nis-2.13.so
7fb054ffa000-7fb0551fa000 ---p 0000a000 07:00 2151                       /lib/x86_64-linux-gnu/libnss_nis-2.13.so
7fb0551fa000-7fb0551fb000 r--p 0000a000 07:00 2151                       /lib/x86_64-linux-gnu/libnss_nis-2.13.so
7fb0551fb000-7fb0551fc000 rw-p 0000b000 07:00 2151                       /lib/x86_64-linux-gnu/libnss_nis-2.13.so
7fb0551fc000-7fb055213000 r-xp 00000000 07:00 2162                       /lib/x86_64-linux-gnu/libnsl-2.13.so
7fb055213000-7fb055412000 ---p 00017000 07:00 2162                       /lib/x86_64-linux-gnu/libnsl-2.13.so
7fb055412000-7fb055413000 r--p 00016000 07:00 2162                       /lib/x86_64-linux-gnu/libnsl-2.13.so
7fb055413000-7fb055414000 rw-p 00017000 07:00 2162                       /lib/x86_64-linux-gnu/libnsl-2.13.so
7fb055414000-7fb055416000 rw-p 00000000 00:00 0 
7fb055416000-7fb05541e000 r-xp 00000000 07:00 2105                       /lib/x86_64-linux-gnu/libnss_compat-2.13.so
7fb05541e000-7fb05561d000 ---p 00008000 07:00 2105                       /lib/x86_64-linux-gnu/libnss_compat-2.13.so
7fb05561d000-7fb05561e000 r--p 00007000 07:00 2105                       /lib/x86_64-linux-gnu/libnss_compat-2.13.so
7fb05561e000-7fb05561f000 rw-p 00008000 07:00 2105                       /lib/x86_64-linux-gnu/libnss_compat-2.13.so
7fb05561f000-7fb05564b000 r-xp 00000000 07:00 1113113                    /usr/lib/jvm/java-6-openjdk/jre/lib/amd64/libjava.so
7fb05564b000-7fb05584a000 ---p 0002c000 07:00 1113113                    /usr/lib/jvm/java-6-openjdk/jre/lib/amd64/libjava.so
7fb05584a000-7fb05584b000 r--p 0002b000 07:00 1113113                    /usr/lib/jvm/java-6-openjdk/jre/lib/amd64/libjava.so
7fb05584b000-7fb05584e000 rw-p 0002c000 07:00 1113113                    /usr/lib/jvm/java-6-openjdk/jre/lib/amd64/libjava.so
7fb05584e000-7fb05585c000 r-xp 00000000 07:00 1113099                    /usr/lib/jvm/java-6-openjdk/jre/lib/amd64/libverify.so
7fb05585c000-7fb055a5b000 ---p 0000e000 07:00 1113099                    /usr/lib/jvm/java-6-openjdk/jre/lib/amd64/libverify.so
7fb055a5b000-7fb055a5d000 r--p 0000d000 07:00 1113099                    /usr/lib/jvm/java-6-openjdk/jre/lib/amd64/libverify.so
7fb055a5d000-7fb055a5e000 rw-p 0000f000 07:00 1113099                    /usr/lib/jvm/java-6-openjdk/jre/lib/amd64/libverify.so
7fb055a5e000-7fb055a65000 r-xp 00000000 07:00 2130                       /lib/x86_64-linux-gnu/librt-2.13.so
7fb055a65000-7fb055c64000 ---p 00007000 07:00 2130                       /lib/x86_64-linux-gnu/librt-2.13.so
7fb055c64000-7fb055c65000 r--p 00006000 07:00 2130                       /lib/x86_64-linux-gnu/librt-2.13.so
7fb055c65000-7fb055c66000 rw-p 00007000 07:00 2130                       /lib/x86_64-linux-gnu/librt-2.13.so
7fb055c66000-7fb055c7b000 r-xp 00000000 07:00 2117                       /lib/x86_64-linux-gnu/libgcc_s.so.1
7fb055c7b000-7fb055e7a000 ---p 00015000 07:00 2117                       /lib/x86_64-linux-gnu/libgcc_s.so.1
7fb055e7a000-7fb055e7b000 r--p 00014000 07:00 2117                       /lib/x86_64-linux-gnu/libgcc_s.so.1
7fb055e7b000-7fb055e7c000 rw-p 00015000 07:00 2117                       /lib/x86_64-linux-gnu/libgcc_s.so.1
7fb055e7c000-7fb055eff000 r-xp 00000000 07:00 2129                       /lib/x86_64-linux-gnu/libm-2.13.so
7fb055eff000-7fb0560fe000 ---p 00083000 07:00 2129                       /lib/x86_64-linux-gnu/libm-2.13.so
7fb0560fe000-7fb0560ff000 r--p 00082000 07:00 2129                       /lib/x86_64-linux-gnu/libm-2.13.so
7fb0560ff000-7fb056100000 rw-p 00083000 07:00 2129                       /lib/x86_64-linux-gnu/libm-2.13.so
7fb056100000-7fb0561e8000 r-xp 00000000 07:00 70221                      /usr/lib/x86_64-linux-gnu/libstdc++.so.6.0.16
7fb0561e8000-7fb0563e8000 ---p 000e8000 07:00 70221                      /usr/lib/x86_64-linux-gnu/libstdc++.so.6.0.16
7fb0563e8000-7fb0563f0000 r--p 000e8000 07:00 70221                      /usr/lib/x86_64-linux-gnu/libstdc++.so.6.0.16
7fb0563f0000-7fb0563f2000 rw-p 000f0000 07:00 70221                      /usr/lib/x86_64-linux-gnu/libstdc++.so.6.0.16
7fb0563f2000-7fb056407000 rw-p 00000000 00:00 0 
7fb056407000-7fb056d0a000 r-xp 00000000 07:00 1935528                    /usr/lib/jvm/java-6-openjdk/jre/lib/amd64/server/libjvm.so
7fb056d0a000-7fb056f09000 ---p 00903000 07:00 1935528                    /usr/lib/jvm/java-6-openjdk/jre/lib/amd64/server/libjvm.so
7fb056f09000-7fb056f8a000 r--p 00902000 07:00 1935528                    /usr/lib/jvm/java-6-openjdk/jre/lib/amd64/server/libjvm.so
7fb056f8a000-7fb056fa5000 rw-p 00983000 07:00 1935528                    /usr/lib/jvm/java-6-openjdk/jre/lib/amd64/server/libjvm.so
7fb056fa5000-7fb056fce000 rw-p 00000000 00:00 0 
7fb056fce000-7fb056fe5000 r-xp 00000000 07:00 2143                       /lib/x86_64-linux-gnu/libz.so.1.2.3.4
7fb056fe5000-7fb0571e4000 ---p 00017000 07:00 2143                       /lib/x86_64-linux-gnu/libz.so.1.2.3.4
7fb0571e4000-7fb0571e5000 r--p 00016000 07:00 2143                       /lib/x86_64-linux-gnu/libz.so.1.2.3.4
7fb0571e5000-7fb0571e6000 rw-p 00017000 07:00 2143                       /lib/x86_64-linux-gnu/libz.so.1.2.3.4
7fb0571e6000-7fb05737b000 r-xp 00000000 07:00 2152                       /lib/x86_64-linux-gnu/libc-2.13.so
7fb05737b000-7fb05757a000 ---p 00195000 07:00 2152                       /lib/x86_64-linux-gnu/libc-2.13.so
7fb05757a000-7fb05757e000 r--p 00194000 07:00 2152                       /lib/x86_64-linux-gnu/libc-2.13.so
7fb05757e000-7fb05757f000 rw-p 00198000 07:00 2152                       /lib/x86_64-linux-gnu/libc-2.13.so
7fb05757f000-7fb057585000 rw-p 00000000 00:00 0 
7fb057585000-7fb057587000 r-xp 00000000 07:00 2113                       /lib/x86_64-linux-gnu/libdl-2.13.so
7fb057587000-7fb057787000 ---p 00002000 07:00 2113                       /lib/x86_64-linux-gnu/libdl-2.13.so
7fb057787000-7fb057788000 r--p 00002000 07:00 2113                       /lib/x86_64-linux-gnu/libdl-2.13.so
7fb057788000-7fb057789000 rw-p 00003000 07:00 2113                       /lib/x86_64-linux-gnu/libdl-2.13.so
7fb057789000-7fb05778d000 r-xp 00000000 07:00 1154338                    /usr/lib/jvm/java-6-openjdk/jre/lib/amd64/jli/libjli.so
7fb05778d000-7fb05798c000 ---p 00004000 07:00 1154338                    /usr/lib/jvm/java-6-openjdk/jre/lib/amd64/jli/libjli.so
7fb05798c000-7fb05798d000 r--p 00003000 07:00 1154338                    /usr/lib/jvm/java-6-openjdk/jre/lib/amd64/jli/libjli.so
7fb05798d000-7fb05798e000 rw-p 00004000 07:00 1154338                    /usr/lib/jvm/java-6-openjdk/jre/lib/amd64/jli/libjli.so
7fb05798e000-7fb0579a6000 r-xp 00000000 07:00 2103                       /lib/x86_64-linux-gnu/libpthread-2.13.so
7fb0579a6000-7fb057ba5000 ---p 00018000 07:00 2103                       /lib/x86_64-linux-gnu/libpthread-2.13.so
7fb057ba5000-7fb057ba6000 r--p 00017000 07:00 2103                       /lib/x86_64-linux-gnu/libpthread-2.13.so
7fb057ba6000-7fb057ba7000 rw-p 00018000 07:00 2103                       /lib/x86_64-linux-gnu/libpthread-2.13.so
7fb057ba7000-7fb057bab000 rw-p 00000000 00:00 0 
7fb057bab000-7fb057bcc000 r-xp 00000000 07:00 2111                       /lib/x86_64-linux-gnu/ld-2.13.so
7fb057be5000-7fb057bef000 rw-p 00000000 00:00 0 
7fb057bef000-7fb057ca5000 rw-p 00000000 00:00 0 
7fb057ca5000-7fb057ca8000 ---p 00000000 00:00 0 
7fb057ca8000-7fb057dab000 rw-p 00000000 00:00 0 
7fb057dbf000-7fb057dc7000 rw-s 00000000 07:00 541712                     /tmp/hsperfdata_zazhu/28397
7fb057dc7000-7fb057dc8000 rw-p 00000000 00:00 0 
7fb057dc8000-7fb057dc9000 r--p 00000000 00:00 0 
7fb057dc9000-7fb057dcb000 rw-p 00000000 00:00 0 
7fb057dcb000-7fb057dcc000 r--p 00020000 07:00 2111                       /lib/x86_64-linux-gnu/ld-2.13.so
7fb057dcc000-7fb057dce000 rw-p 00021000 07:00 2111                       /lib/x86_64-linux-gnu/ld-2.13.so
7fffbfc09000-7fffbfc2a000 rw-p 00000000 00:00 0                          [stack]
7fffbfdd2000-7fffbfdd3000 r-xp 00000000 00:00 0                          [vdso]
ffffffffff600000-ffffffffff601000 r-xp 00000000 00:00 0                  [vsyscall]

VM Arguments:
jvm_args: -Dfile.encoding=UTF-8 -Xbootclasspath:/home/zazhu/android-sdk-linux/platforms/android-7/android.jar 
java_command: com.zazhu.BlueHub.FrameParser
Launcher Type: SUN_STANDARD

Environment Variables:
PATH=/usr/lib/lightdm/lightdm:/usr/local/sbin:/usr/local/bin:/usr/sbin:/usr/bin:/sbin:/bin:/usr/games
USERNAME=zazhu
LD_LIBRARY_PATH=/usr/lib/jvm/java-6-openjdk/jre/lib/amd64/server:/usr/lib/jvm/java-6-openjdk/jre/lib/amd64:/usr/lib/jvm/java-6-openjdk/jre/../lib/amd64
SHELL=/bin/bash
DISPLAY=:0

Signal Handlers:
SIGSEGV: [libjvm.so+0x783e60], sa_mask[0]=0x7ffbfeff, sa_flags=0x10000004
SIGBUS: [libjvm.so+0x783e60], sa_mask[0]=0x7ffbfeff, sa_flags=0x10000004
SIGFPE: [libjvm.so+0x6485c0], sa_mask[0]=0x7ffbfeff, sa_flags=0x10000004
SIGPIPE: [libjvm.so+0x6485c0], sa_mask[0]=0x7ffbfeff, sa_flags=0x10000004
SIGXFSZ: [libjvm.so+0x6485c0], sa_mask[0]=0x7ffbfeff, sa_flags=0x10000004
SIGILL: [libjvm.so+0x6485c0], sa_mask[0]=0x7ffbfeff, sa_flags=0x10000004
SIGUSR1: SIG_DFL, sa_mask[0]=0x00000000, sa_flags=0x00000000
SIGUSR2: [libjvm.so+0x648770], sa_mask[0]=0x00000004, sa_flags=0x10000004
SIGHUP: SIG_DFL, sa_mask[0]=0x00000000, sa_flags=0x00000000
SIGINT: SIG_DFL, sa_mask[0]=0x00000000, sa_flags=0x00000000
SIGTERM: SIG_DFL, sa_mask[0]=0x00000000, sa_flags=0x00000000
SIGQUIT: SIG_DFL, sa_mask[0]=0x00000000, sa_flags=0x00000000


---------------  S Y S T E M  ---------------

OS:Ubuntu 11.10 (oneiric)
uname:Linux 3.0.0-13-generic #22-Ubuntu SMP Wed Nov 2 13:27:26 UTC 2011 x86_64
libc:glibc 2.13 NPTL 2.13 
rlimit: STACK 8192k, CORE 0k, NPROC 30467, NOFILE 4096, AS infinity
load average:0.63 0.25 0.17

/proc/meminfo:
MemTotal:        3915616 kB
MemFree:          184552 kB
Buffers:          722016 kB
Cached:           819748 kB
SwapCached:        38676 kB
Active:          1877672 kB
Inactive:        1581748 kB
Active(anon):    1360128 kB
Inactive(anon):   573616 kB
Active(file):     517544 kB
Inactive(file):  1008132 kB
Unevictable:        2540 kB
Mlocked:               0 kB
SwapTotal:        262140 kB
SwapFree:          43036 kB
Dirty:              3596 kB
Writeback:             0 kB
AnonPages:       1881956 kB
Mapped:           119500 kB
Shmem:             13548 kB
Slab:             100160 kB
SReclaimable:      65832 kB
SUnreclaim:        34328 kB
KernelStack:        3944 kB
PageTables:        39232 kB
NFS_Unstable:          0 kB
Bounce:                0 kB
WritebackTmp:          0 kB
CommitLimit:     2219948 kB
Committed_AS:    4238044 kB
VmallocTotal:   34359738367 kB
VmallocUsed:      355092 kB
VmallocChunk:   34359373868 kB
HardwareCorrupted:     0 kB
AnonHugePages:         0 kB
HugePages_Total:       0
HugePages_Free:        0
HugePages_Rsvd:        0
HugePages_Surp:        0
Hugepagesize:       2048 kB
DirectMap4k:      100352 kB
DirectMap2M:     3954688 kB


CPU:total 4 (2 cores per cpu, 2 threads per core) family 6 model 37 stepping 5, cmov, cx8, fxsr, mmx, sse, sse2, sse3, ssse3, sse4.1, sse4.2, popcnt, ht

Memory: 4k page, physical 3915616k(184552k free), swap 262140k(43036k free)

vm_info: OpenJDK 64-Bit Server VM (20.0-b11) for linux-amd64 JRE (1.6.0_23-b23), built on Oct 22 2011 01:00:57 by "buildd" with gcc 4.6.1

time: Wed Nov 30 16:03:50 2011
elapsed time: 0 seconds

