#
# A fatal error has been detected by the Java Runtime Environment:
#
#  Internal Error (classFileParser.cpp:3494), pid=28428, tid=139771024250624
#  Error: ShouldNotReachHere()
#
# JRE version: 6.0_23-b23
# Java VM: OpenJDK 64-Bit Server VM (20.0-b11 mixed mode linux-amd64 compressed oops)
# Derivative: IcedTea6 1.11pre
# Distribution: Ubuntu 11.10, package 6b23~pre11-0ubuntu1.11.10
# If you would like to submit a bug report, please include
# instructions how to reproduce the bug and visit:
#   https://bugs.launchpad.net/ubuntu/+source/openjdk-6/
#

---------------  T H R E A D  ---------------

Current thread (0x0000000000fb2800):  JavaThread "Unknown thread" [_thread_in_vm, id=28433, stack(0x00007f1efa301000,0x00007f1efa402000)]

Stack: [0x00007f1efa301000,0x00007f1efa402000],  sp=0x00007f1efa400060,  free space=1020k
Native frames: (J=compiled Java code, j=interpreted, Vv=VM code, C=native code)
V  [libjvm.so+0x783225]  VMError::report(outputStream*)+0x1255
V  [libjvm.so+0x7834a9]  VMError::report_and_die()+0x169
V  [libjvm.so+0x3bb13a]  report_vm_error(char const*, int, char const*, char const*)+0x4a
V  [libjvm.so+0x351515]  ClassFileParser::parseClassFile(symbolHandle, Handle, Handle, KlassHandle, GrowableArray<Handle>*, symbolHandle&, bool, Thread*)+0x1545
V  [libjvm.so+0x355773]  ClassLoader::load_classfile(symbolHandle, Thread*)+0x1f3
V  [libjvm.so+0x71b564]  SystemDictionary::load_instance_class(symbolHandle, Handle, Thread*)+0x354
V  [libjvm.so+0x719c70]  SystemDictionary::resolve_instance_class_or_null(symbolHandle, Handle, Handle, Thread*)+0x7c0
V  [libjvm.so+0x71bbf3]  SystemDictionary::resolve_or_fail(symbolHandle, Handle, Handle, bool, Thread*)+0x33
V  [libjvm.so+0x71bcd4]  SystemDictionary::resolve_or_fail(symbolHandle, bool, Thread*)+0x14
V  [libjvm.so+0x71bd80]  SystemDictionary::initialize_wk_klass(SystemDictionary::WKID, int, Thread*)+0xa0
V  [libjvm.so+0x71bde9]  SystemDictionary::initialize_wk_klasses_until(SystemDictionary::WKID, SystemDictionary::WKID&, Thread*)+0x59
V  [libjvm.so+0x71bee1]  SystemDictionary::initialize_preloaded_classes(Thread*)+0x71
V  [libjvm.so+0x75f65f]  Universe::genesis(Thread*)+0x11f
V  [libjvm.so+0x76000f]  universe2_init()+0x1f
V  [libjvm.so+0x473ea5]  init_globals()+0x95
V  [libjvm.so+0x749f9a]  Threads::create_vm(JavaVMInitArgs*, bool*)+0x1ea
V  [libjvm.so+0x4cdb51]  JNI_CreateJavaVM+0x61
C  [java+0x315e]  JavaMain+0x7e


---------------  P R O C E S S  ---------------

Java Threads: ( => current thread )

Other Threads:

=>0x0000000000fb2800 (exited) JavaThread "Unknown thread" [_thread_in_vm, id=28433, stack(0x00007f1efa301000,0x00007f1efa402000)]

VM state:not at safepoint (not fully initialized)

VM Mutex/Monitor currently owned by a thread: None

Dynamic libraries:
00400000-00409000 r-xp 00000000 07:00 409907                             /usr/lib/jvm/java-6-openjdk/jre/bin/java
00608000-00609000 r--p 00008000 07:00 409907                             /usr/lib/jvm/java-6-openjdk/jre/bin/java
00609000-0060a000 rw-p 00009000 07:00 409907                             /usr/lib/jvm/java-6-openjdk/jre/bin/java
00fa8000-0103a000 rw-p 00000000 00:00 0                                  [heap]
b9e00000-bb2c0000 rw-p 00000000 00:00 0 
bb2c0000-c4400000 rw-p 00000000 00:00 0 
c4400000-c6be0000 rw-p 00000000 00:00 0 
c6be0000-ec160000 rw-p 00000000 00:00 0 
ec160000-ed540000 rw-p 00000000 00:00 0 
ed540000-100000000 rw-p 00000000 00:00 0 
7f1eec000000-7f1eec021000 rw-p 00000000 00:00 0 
7f1eec021000-7f1ef0000000 ---p 00000000 00:00 0 
7f1ef39e8000-7f1ef3a47000 r--s 00492000 07:00 753043                     /home/zazhu/android-sdk-linux/platforms/android-7/android.jar
7f1ef3a47000-7f1ef3a6f000 rw-p 00000000 00:00 0 
7f1ef3a6f000-7f1ef3a70000 ---p 00000000 00:00 0 
7f1ef3a70000-7f1ef3b70000 rw-p 00000000 00:00 0 
7f1ef3b70000-7f1ef3b71000 ---p 00000000 00:00 0 
7f1ef3b71000-7f1ef3c71000 rw-p 00000000 00:00 0 
7f1ef3c71000-7f1ef3c72000 ---p 00000000 00:00 0 
7f1ef3c72000-7f1ef3d72000 rw-p 00000000 00:00 0 
7f1ef3d72000-7f1ef3d73000 ---p 00000000 00:00 0 
7f1ef3d73000-7f1ef3e7e000 rw-p 00000000 00:00 0 
7f1ef3e7e000-7f1ef3ec6000 rw-p 00000000 00:00 0 
7f1ef3ec6000-7f1ef3eda000 rw-p 00000000 00:00 0 
7f1ef3eda000-7f1ef4005000 rw-p 00000000 00:00 0 
7f1ef4005000-7f1ef4010000 rw-p 00000000 00:00 0 
7f1ef4010000-7f1ef4058000 rw-p 00000000 00:00 0 
7f1ef4058000-7f1ef406c000 rw-p 00000000 00:00 0 
7f1ef406c000-7f1ef4196000 rw-p 00000000 00:00 0 
7f1ef4196000-7f1ef41a1000 rw-p 00000000 00:00 0 
7f1ef41a1000-7f1ef4236000 rw-p 00000000 00:00 0 
7f1ef4236000-7f1ef4237000 rw-p 00000000 00:00 0 
7f1ef4237000-7f1ef44a7000 rwxp 00000000 00:00 0 
7f1ef44a7000-7f1ef7237000 rw-p 00000000 00:00 0 
7f1ef7237000-7f1ef723e000 r-xp 00000000 07:00 1113114                    /usr/lib/jvm/java-6-openjdk/jre/lib/amd64/libzip.so
7f1ef723e000-7f1ef743d000 ---p 00007000 07:00 1113114                    /usr/lib/jvm/java-6-openjdk/jre/lib/amd64/libzip.so
7f1ef743d000-7f1ef743e000 r--p 00006000 07:00 1113114                    /usr/lib/jvm/java-6-openjdk/jre/lib/amd64/libzip.so
7f1ef743e000-7f1ef743f000 rw-p 00007000 07:00 1113114                    /usr/lib/jvm/java-6-openjdk/jre/lib/amd64/libzip.so
7f1ef743f000-7f1ef744b000 r-xp 00000000 07:00 2188                       /lib/x86_64-linux-gnu/libnss_files-2.13.so
7f1ef744b000-7f1ef764a000 ---p 0000c000 07:00 2188                       /lib/x86_64-linux-gnu/libnss_files-2.13.so
7f1ef764a000-7f1ef764b000 r--p 0000b000 07:00 2188                       /lib/x86_64-linux-gnu/libnss_files-2.13.so
7f1ef764b000-7f1ef764c000 rw-p 0000c000 07:00 2188                       /lib/x86_64-linux-gnu/libnss_files-2.13.so
7f1ef764c000-7f1ef7656000 r-xp 00000000 07:00 2151                       /lib/x86_64-linux-gnu/libnss_nis-2.13.so
7f1ef7656000-7f1ef7856000 ---p 0000a000 07:00 2151                       /lib/x86_64-linux-gnu/libnss_nis-2.13.so
7f1ef7856000-7f1ef7857000 r--p 0000a000 07:00 2151                       /lib/x86_64-linux-gnu/libnss_nis-2.13.so
7f1ef7857000-7f1ef7858000 rw-p 0000b000 07:00 2151                       /lib/x86_64-linux-gnu/libnss_nis-2.13.so
7f1ef7858000-7f1ef786f000 r-xp 00000000 07:00 2162                       /lib/x86_64-linux-gnu/libnsl-2.13.so
7f1ef786f000-7f1ef7a6e000 ---p 00017000 07:00 2162                       /lib/x86_64-linux-gnu/libnsl-2.13.so
7f1ef7a6e000-7f1ef7a6f000 r--p 00016000 07:00 2162                       /lib/x86_64-linux-gnu/libnsl-2.13.so
7f1ef7a6f000-7f1ef7a70000 rw-p 00017000 07:00 2162                       /lib/x86_64-linux-gnu/libnsl-2.13.so
7f1ef7a70000-7f1ef7a72000 rw-p 00000000 00:00 0 
7f1ef7a72000-7f1ef7a7a000 r-xp 00000000 07:00 2105                       /lib/x86_64-linux-gnu/libnss_compat-2.13.so
7f1ef7a7a000-7f1ef7c79000 ---p 00008000 07:00 2105                       /lib/x86_64-linux-gnu/libnss_compat-2.13.so
7f1ef7c79000-7f1ef7c7a000 r--p 00007000 07:00 2105                       /lib/x86_64-linux-gnu/libnss_compat-2.13.so
7f1ef7c7a000-7f1ef7c7b000 rw-p 00008000 07:00 2105                       /lib/x86_64-linux-gnu/libnss_compat-2.13.so
7f1ef7c7b000-7f1ef7ca7000 r-xp 00000000 07:00 1113113                    /usr/lib/jvm/java-6-openjdk/jre/lib/amd64/libjava.so
7f1ef7ca7000-7f1ef7ea6000 ---p 0002c000 07:00 1113113                    /usr/lib/jvm/java-6-openjdk/jre/lib/amd64/libjava.so
7f1ef7ea6000-7f1ef7ea7000 r--p 0002b000 07:00 1113113                    /usr/lib/jvm/java-6-openjdk/jre/lib/amd64/libjava.so
7f1ef7ea7000-7f1ef7eaa000 rw-p 0002c000 07:00 1113113                    /usr/lib/jvm/java-6-openjdk/jre/lib/amd64/libjava.so
7f1ef7eaa000-7f1ef7eb8000 r-xp 00000000 07:00 1113099                    /usr/lib/jvm/java-6-openjdk/jre/lib/amd64/libverify.so
7f1ef7eb8000-7f1ef80b7000 ---p 0000e000 07:00 1113099                    /usr/lib/jvm/java-6-openjdk/jre/lib/amd64/libverify.so
7f1ef80b7000-7f1ef80b9000 r--p 0000d000 07:00 1113099                    /usr/lib/jvm/java-6-openjdk/jre/lib/amd64/libverify.so
7f1ef80b9000-7f1ef80ba000 rw-p 0000f000 07:00 1113099                    /usr/lib/jvm/java-6-openjdk/jre/lib/amd64/libverify.so
7f1ef80ba000-7f1ef80c1000 r-xp 00000000 07:00 2130                       /lib/x86_64-linux-gnu/librt-2.13.so
7f1ef80c1000-7f1ef82c0000 ---p 00007000 07:00 2130                       /lib/x86_64-linux-gnu/librt-2.13.so
7f1ef82c0000-7f1ef82c1000 r--p 00006000 07:00 2130                       /lib/x86_64-linux-gnu/librt-2.13.so
7f1ef82c1000-7f1ef82c2000 rw-p 00007000 07:00 2130                       /lib/x86_64-linux-gnu/librt-2.13.so
7f1ef82c2000-7f1ef82d7000 r-xp 00000000 07:00 2117                       /lib/x86_64-linux-gnu/libgcc_s.so.1
7f1ef82d7000-7f1ef84d6000 ---p 00015000 07:00 2117                       /lib/x86_64-linux-gnu/libgcc_s.so.1
7f1ef84d6000-7f1ef84d7000 r--p 00014000 07:00 2117                       /lib/x86_64-linux-gnu/libgcc_s.so.1
7f1ef84d7000-7f1ef84d8000 rw-p 00015000 07:00 2117                       /lib/x86_64-linux-gnu/libgcc_s.so.1
7f1ef84d8000-7f1ef855b000 r-xp 00000000 07:00 2129                       /lib/x86_64-linux-gnu/libm-2.13.so
7f1ef855b000-7f1ef875a000 ---p 00083000 07:00 2129                       /lib/x86_64-linux-gnu/libm-2.13.so
7f1ef875a000-7f1ef875b000 r--p 00082000 07:00 2129                       /lib/x86_64-linux-gnu/libm-2.13.so
7f1ef875b000-7f1ef875c000 rw-p 00083000 07:00 2129                       /lib/x86_64-linux-gnu/libm-2.13.so
7f1ef875c000-7f1ef8844000 r-xp 00000000 07:00 70221                      /usr/lib/x86_64-linux-gnu/libstdc++.so.6.0.16
7f1ef8844000-7f1ef8a44000 ---p 000e8000 07:00 70221                      /usr/lib/x86_64-linux-gnu/libstdc++.so.6.0.16
7f1ef8a44000-7f1ef8a4c000 r--p 000e8000 07:00 70221                      /usr/lib/x86_64-linux-gnu/libstdc++.so.6.0.16
7f1ef8a4c000-7f1ef8a4e000 rw-p 000f0000 07:00 70221                      /usr/lib/x86_64-linux-gnu/libstdc++.so.6.0.16
7f1ef8a4e000-7f1ef8a63000 rw-p 00000000 00:00 0 
7f1ef8a63000-7f1ef9366000 r-xp 00000000 07:00 1935528                    /usr/lib/jvm/java-6-openjdk/jre/lib/amd64/server/libjvm.so
7f1ef9366000-7f1ef9565000 ---p 00903000 07:00 1935528                    /usr/lib/jvm/java-6-openjdk/jre/lib/amd64/server/libjvm.so
7f1ef9565000-7f1ef95e6000 r--p 00902000 07:00 1935528                    /usr/lib/jvm/java-6-openjdk/jre/lib/amd64/server/libjvm.so
7f1ef95e6000-7f1ef9601000 rw-p 00983000 07:00 1935528                    /usr/lib/jvm/java-6-openjdk/jre/lib/amd64/server/libjvm.so
7f1ef9601000-7f1ef962a000 rw-p 00000000 00:00 0 
7f1ef962a000-7f1ef9641000 r-xp 00000000 07:00 2143                       /lib/x86_64-linux-gnu/libz.so.1.2.3.4
7f1ef9641000-7f1ef9840000 ---p 00017000 07:00 2143                       /lib/x86_64-linux-gnu/libz.so.1.2.3.4
7f1ef9840000-7f1ef9841000 r--p 00016000 07:00 2143                       /lib/x86_64-linux-gnu/libz.so.1.2.3.4
7f1ef9841000-7f1ef9842000 rw-p 00017000 07:00 2143                       /lib/x86_64-linux-gnu/libz.so.1.2.3.4
7f1ef9842000-7f1ef99d7000 r-xp 00000000 07:00 2152                       /lib/x86_64-linux-gnu/libc-2.13.so
7f1ef99d7000-7f1ef9bd6000 ---p 00195000 07:00 2152                       /lib/x86_64-linux-gnu/libc-2.13.so
7f1ef9bd6000-7f1ef9bda000 r--p 00194000 07:00 2152                       /lib/x86_64-linux-gnu/libc-2.13.so
7f1ef9bda000-7f1ef9bdb000 rw-p 00198000 07:00 2152                       /lib/x86_64-linux-gnu/libc-2.13.so
7f1ef9bdb000-7f1ef9be1000 rw-p 00000000 00:00 0 
7f1ef9be1000-7f1ef9be3000 r-xp 00000000 07:00 2113                       /lib/x86_64-linux-gnu/libdl-2.13.so
7f1ef9be3000-7f1ef9de3000 ---p 00002000 07:00 2113                       /lib/x86_64-linux-gnu/libdl-2.13.so
7f1ef9de3000-7f1ef9de4000 r--p 00002000 07:00 2113                       /lib/x86_64-linux-gnu/libdl-2.13.so
7f1ef9de4000-7f1ef9de5000 rw-p 00003000 07:00 2113                       /lib/x86_64-linux-gnu/libdl-2.13.so
7f1ef9de5000-7f1ef9de9000 r-xp 00000000 07:00 1154338                    /usr/lib/jvm/java-6-openjdk/jre/lib/amd64/jli/libjli.so
7f1ef9de9000-7f1ef9fe8000 ---p 00004000 07:00 1154338                    /usr/lib/jvm/java-6-openjdk/jre/lib/amd64/jli/libjli.so
7f1ef9fe8000-7f1ef9fe9000 r--p 00003000 07:00 1154338                    /usr/lib/jvm/java-6-openjdk/jre/lib/amd64/jli/libjli.so
7f1ef9fe9000-7f1ef9fea000 rw-p 00004000 07:00 1154338                    /usr/lib/jvm/java-6-openjdk/jre/lib/amd64/jli/libjli.so
7f1ef9fea000-7f1efa002000 r-xp 00000000 07:00 2103                       /lib/x86_64-linux-gnu/libpthread-2.13.so
7f1efa002000-7f1efa201000 ---p 00018000 07:00 2103                       /lib/x86_64-linux-gnu/libpthread-2.13.so
7f1efa201000-7f1efa202000 r--p 00017000 07:00 2103                       /lib/x86_64-linux-gnu/libpthread-2.13.so
7f1efa202000-7f1efa203000 rw-p 00018000 07:00 2103                       /lib/x86_64-linux-gnu/libpthread-2.13.so
7f1efa203000-7f1efa207000 rw-p 00000000 00:00 0 
7f1efa207000-7f1efa228000 r-xp 00000000 07:00 2111                       /lib/x86_64-linux-gnu/ld-2.13.so
7f1efa241000-7f1efa24b000 rw-p 00000000 00:00 0 
7f1efa24b000-7f1efa301000 rw-p 00000000 00:00 0 
7f1efa301000-7f1efa304000 ---p 00000000 00:00 0 
7f1efa304000-7f1efa407000 rw-p 00000000 00:00 0 
7f1efa41b000-7f1efa423000 rw-s 00000000 07:00 541712                     /tmp/hsperfdata_zazhu/28428
7f1efa423000-7f1efa424000 rw-p 00000000 00:00 0 
7f1efa424000-7f1efa425000 r--p 00000000 00:00 0 
7f1efa425000-7f1efa427000 rw-p 00000000 00:00 0 
7f1efa427000-7f1efa428000 r--p 00020000 07:00 2111                       /lib/x86_64-linux-gnu/ld-2.13.so
7f1efa428000-7f1efa42a000 rw-p 00021000 07:00 2111                       /lib/x86_64-linux-gnu/ld-2.13.so
7fff341d1000-7fff341f2000 rw-p 00000000 00:00 0                          [stack]
7fff341ff000-7fff34200000 r-xp 00000000 00:00 0                          [vdso]
ffffffffff600000-ffffffffff601000 r-xp 00000000 00:00 0                  [vsyscall]

VM Arguments:
jvm_args: -Dfile.encoding=UTF-8 -Xbootclasspath:/home/zazhu/android-sdk-linux/platforms/android-7/android.jar 
java_command: com.zazhu.BlueHub.FrameParser
Launcher Type: SUN_STANDARD

Environment Variables:
PATH=/usr/lib/lightdm/lightdm:/usr/local/sbin:/usr/local/bin:/usr/sbin:/usr/bin:/sbin:/bin:/usr/games
USERNAME=zazhu
LD_LIBRARY_PATH=/usr/lib/jvm/java-6-openjdk/jre/lib/amd64/server:/usr/lib/jvm/java-6-openjdk/jre/lib/amd64:/usr/lib/jvm/java-6-openjdk/jre/../lib/amd64
SHELL=/bin/bash
DISPLAY=:0

Signal Handlers:
SIGSEGV: [libjvm.so+0x783e60], sa_mask[0]=0x7ffbfeff, sa_flags=0x10000004
SIGBUS: [libjvm.so+0x783e60], sa_mask[0]=0x7ffbfeff, sa_flags=0x10000004
SIGFPE: [libjvm.so+0x6485c0], sa_mask[0]=0x7ffbfeff, sa_flags=0x10000004
SIGPIPE: [libjvm.so+0x6485c0], sa_mask[0]=0x7ffbfeff, sa_flags=0x10000004
SIGXFSZ: [libjvm.so+0x6485c0], sa_mask[0]=0x7ffbfeff, sa_flags=0x10000004
SIGILL: [libjvm.so+0x6485c0], sa_mask[0]=0x7ffbfeff, sa_flags=0x10000004
SIGUSR1: SIG_DFL, sa_mask[0]=0x00000000, sa_flags=0x00000000
SIGUSR2: [libjvm.so+0x648770], sa_mask[0]=0x00000004, sa_flags=0x10000004
SIGHUP: SIG_DFL, sa_mask[0]=0x00000000, sa_flags=0x00000000
SIGINT: SIG_DFL, sa_mask[0]=0x00000000, sa_flags=0x00000000
SIGTERM: SIG_DFL, sa_mask[0]=0x00000000, sa_flags=0x00000000
SIGQUIT: SIG_DFL, sa_mask[0]=0x00000000, sa_flags=0x00000000


---------------  S Y S T E M  ---------------

OS:Ubuntu 11.10 (oneiric)
uname:Linux 3.0.0-13-generic #22-Ubuntu SMP Wed Nov 2 13:27:26 UTC 2011 x86_64
libc:glibc 2.13 NPTL 2.13 
rlimit: STACK 8192k, CORE 0k, NPROC 30467, NOFILE 4096, AS infinity
load average:0.26 0.21 0.16

/proc/meminfo:
MemTotal:        3915616 kB
MemFree:          188448 kB
Buffers:          719536 kB
Cached:           817252 kB
SwapCached:        38676 kB
Active:          1880096 kB
Inactive:        1575044 kB
Active(anon):    1360880 kB
Inactive(anon):   573644 kB
Active(file):     519216 kB
Inactive(file):  1001400 kB
Unevictable:        2540 kB
Mlocked:               0 kB
SwapTotal:        262140 kB
SwapFree:          43036 kB
Dirty:               524 kB
Writeback:             0 kB
AnonPages:       1882304 kB
Mapped:           118964 kB
Shmem:             13596 kB
Slab:             100064 kB
SReclaimable:      65744 kB
SUnreclaim:        34320 kB
KernelStack:        3952 kB
PageTables:        39232 kB
NFS_Unstable:          0 kB
Bounce:                0 kB
WritebackTmp:          0 kB
CommitLimit:     2219948 kB
Committed_AS:    4239168 kB
VmallocTotal:   34359738367 kB
VmallocUsed:      355092 kB
VmallocChunk:   34359373868 kB
HardwareCorrupted:     0 kB
AnonHugePages:         0 kB
HugePages_Total:       0
HugePages_Free:        0
HugePages_Rsvd:        0
HugePages_Surp:        0
Hugepagesize:       2048 kB
DirectMap4k:      100352 kB
DirectMap2M:     3954688 kB


CPU:total 4 (2 cores per cpu, 2 threads per core) family 6 model 37 stepping 5, cmov, cx8, fxsr, mmx, sse, sse2, sse3, ssse3, sse4.1, sse4.2, popcnt, ht

Memory: 4k page, physical 3915616k(188448k free), swap 262140k(43036k free)

vm_info: OpenJDK 64-Bit Server VM (20.0-b11) for linux-amd64 JRE (1.6.0_23-b23), built on Oct 22 2011 01:00:57 by "buildd" with gcc 4.6.1

time: Wed Nov 30 16:05:02 2011
elapsed time: 0 seconds

