#
# A fatal error has been detected by the Java Runtime Environment:
#
#  Internal Error (classFileParser.cpp:3470), pid=17979, tid=140083888875264
#  Error: ShouldNotReachHere()
#
# JRE version: 7.0_01-b08
# Java VM: Java HotSpot(TM) 64-Bit Server VM (21.1-b02 mixed mode linux-amd64 compressed oops)
# Failed to write core dump. Core dumps have been disabled. To enable core dumping, try "ulimit -c unlimited" before starting Java again
#
# If you would like to submit a bug report, please visit:
#   http://bugreport.sun.com/bugreport/crash.jsp
#

---------------  T H R E A D  ---------------

Current thread (0x0000000001cf3000):  JavaThread "Unknown thread" [_thread_in_vm, id=17984, stack(0x00007f67d25f6000,0x00007f67d26f7000)]

Stack: [0x00007f67d25f6000,0x00007f67d26f7000],  sp=0x00007f67d26f5090,  free space=1020k
Native frames: (J=compiled Java code, j=interpreted, Vv=VM code, C=native code)
V  [libjvm.so+0x84b01a]  VMError::report_and_die()+0x2ea
V  [libjvm.so+0x3e85c6]  report_should_not_reach_here(char const*, int)+0x46
V  [libjvm.so+0x363f60]  ClassFileParser::parseClassFile(Symbol*, Handle, Handle, KlassHandle, GrowableArray<Handle>*, TempNewSymbol&, bool, Thread*)+0x1130
V  [libjvm.so+0x367815]  ClassLoader::load_classfile(Symbol*, Thread*)+0x2b5
V  [libjvm.so+0x7db547]  SystemDictionary::load_instance_class(Symbol*, Handle, Thread*)+0x3e7
V  [libjvm.so+0x7dbd31]  SystemDictionary::resolve_instance_class_or_null(Symbol*, Handle, Handle, Thread*)+0x761
V  [libjvm.so+0x7dc6af]  SystemDictionary::initialize_wk_klasses_until(SystemDictionary::WKID, SystemDictionary::WKID&, Thread*)+0x14f
V  [libjvm.so+0x7dc8aa]  SystemDictionary::initialize_preloaded_classes(Thread*)+0x17a
V  [libjvm.so+0x8267c4]  Universe::genesis(Thread*)+0x474
V  [libjvm.so+0x826c74]  universe2_init()+0x24
V  [libjvm.so+0x4cf1fd]  init_globals()+0xbd
V  [libjvm.so+0x80ef72]  Threads::create_vm(JavaVMInitArgs*, bool*)+0x1e2
V  [libjvm.so+0x51fb84]  JNI_CreateJavaVM+0x74
C  [libjli.so+0x31b7]  JavaMain+0x97


---------------  P R O C E S S  ---------------

Java Threads: ( => current thread )

Other Threads:

=>0x0000000001cf3000 (exited) JavaThread "Unknown thread" [_thread_in_vm, id=17984, stack(0x00007f67d25f6000,0x00007f67d26f7000)]

VM state:not at safepoint (not fully initialized)

VM Mutex/Monitor currently owned by a thread: None

Dynamic libraries:
00400000-00401000 r-xp 00000000 07:00 2153514                            /home/zazhu/jdk1.7.0_01/bin/java
00600000-00601000 rw-p 00000000 07:00 2153514                            /home/zazhu/jdk1.7.0_01/bin/java
01ceb000-01d62000 rw-p 00000000 00:00 0                                  [heap]
bf200000-c06c0000 rw-p 00000000 00:00 0 
c06c0000-c4400000 rw-p 00000000 00:00 0 
c4400000-c6be0000 rw-p 00000000 00:00 0 
c6be0000-ec160000 rw-p 00000000 00:00 0 
ec160000-ed540000 rw-p 00000000 00:00 0 
ed540000-100000000 rw-p 00000000 00:00 0 
7f67c8000000-7f67c8021000 rw-p 00000000 00:00 0 
7f67c8021000-7f67cc000000 ---p 00000000 00:00 0 
7f67cc369000-7f67cc3c8000 r--s 00492000 07:00 753043                     /home/zazhu/android-sdk-linux/platforms/android-7/android.jar
7f67cc3c8000-7f67cc3f0000 rw-p 00000000 00:00 0 
7f67cc3f0000-7f67cc3f1000 ---p 00000000 00:00 0 
7f67cc3f1000-7f67cc4f1000 rw-p 00000000 00:00 0 
7f67cc4f1000-7f67cc4f2000 ---p 00000000 00:00 0 
7f67cc4f2000-7f67cc5f2000 rw-p 00000000 00:00 0 
7f67cc5f2000-7f67cc5f3000 ---p 00000000 00:00 0 
7f67cc5f3000-7f67cc6f3000 rw-p 00000000 00:00 0 
7f67cc6f3000-7f67cc6f4000 ---p 00000000 00:00 0 
7f67cc6f4000-7f67cc7ff000 rw-p 00000000 00:00 0 
7f67cc7ff000-7f67cc81d000 rw-p 00000000 00:00 0 
7f67cc81d000-7f67cc831000 rw-p 00000000 00:00 0 
7f67cc831000-7f67cc95c000 rw-p 00000000 00:00 0 
7f67cc95c000-7f67cc967000 rw-p 00000000 00:00 0 
7f67cc967000-7f67cc985000 rw-p 00000000 00:00 0 
7f67cc985000-7f67cc999000 rw-p 00000000 00:00 0 
7f67cc999000-7f67ccac3000 rw-p 00000000 00:00 0 
7f67ccac3000-7f67ccace000 rw-p 00000000 00:00 0 
7f67ccace000-7f67ccb63000 rw-p 00000000 00:00 0 
7f67ccb63000-7f67ccb64000 rw-p 00000000 00:00 0 
7f67ccb64000-7f67ccdd4000 rwxp 00000000 00:00 0 
7f67ccdd4000-7f67cfb64000 rw-p 00000000 00:00 0 
7f67cfb64000-7f67cfb7e000 r-xp 00000000 07:00 1711157                    /home/zazhu/jdk1.7.0_01/jre/lib/amd64/libzip.so
7f67cfb7e000-7f67cfd7e000 ---p 0001a000 07:00 1711157                    /home/zazhu/jdk1.7.0_01/jre/lib/amd64/libzip.so
7f67cfd7e000-7f67cfd7f000 rw-p 0001a000 07:00 1711157                    /home/zazhu/jdk1.7.0_01/jre/lib/amd64/libzip.so
7f67cfd7f000-7f67cfd8b000 r-xp 00000000 07:00 2188                       /lib/x86_64-linux-gnu/libnss_files-2.13.so
7f67cfd8b000-7f67cff8a000 ---p 0000c000 07:00 2188                       /lib/x86_64-linux-gnu/libnss_files-2.13.so
7f67cff8a000-7f67cff8b000 r--p 0000b000 07:00 2188                       /lib/x86_64-linux-gnu/libnss_files-2.13.so
7f67cff8b000-7f67cff8c000 rw-p 0000c000 07:00 2188                       /lib/x86_64-linux-gnu/libnss_files-2.13.so
7f67cff8c000-7f67cff96000 r-xp 00000000 07:00 2151                       /lib/x86_64-linux-gnu/libnss_nis-2.13.so
7f67cff96000-7f67d0196000 ---p 0000a000 07:00 2151                       /lib/x86_64-linux-gnu/libnss_nis-2.13.so
7f67d0196000-7f67d0197000 r--p 0000a000 07:00 2151                       /lib/x86_64-linux-gnu/libnss_nis-2.13.so
7f67d0197000-7f67d0198000 rw-p 0000b000 07:00 2151                       /lib/x86_64-linux-gnu/libnss_nis-2.13.so
7f67d0198000-7f67d01af000 r-xp 00000000 07:00 2162                       /lib/x86_64-linux-gnu/libnsl-2.13.so
7f67d01af000-7f67d03ae000 ---p 00017000 07:00 2162                       /lib/x86_64-linux-gnu/libnsl-2.13.so
7f67d03ae000-7f67d03af000 r--p 00016000 07:00 2162                       /lib/x86_64-linux-gnu/libnsl-2.13.so
7f67d03af000-7f67d03b0000 rw-p 00017000 07:00 2162                       /lib/x86_64-linux-gnu/libnsl-2.13.so
7f67d03b0000-7f67d03b2000 rw-p 00000000 00:00 0 
7f67d03b2000-7f67d03ba000 r-xp 00000000 07:00 2105                       /lib/x86_64-linux-gnu/libnss_compat-2.13.so
7f67d03ba000-7f67d05b9000 ---p 00008000 07:00 2105                       /lib/x86_64-linux-gnu/libnss_compat-2.13.so
7f67d05b9000-7f67d05ba000 r--p 00007000 07:00 2105                       /lib/x86_64-linux-gnu/libnss_compat-2.13.so
7f67d05ba000-7f67d05bb000 rw-p 00008000 07:00 2105                       /lib/x86_64-linux-gnu/libnss_compat-2.13.so
7f67d05bb000-7f67d05e4000 r-xp 00000000 07:00 1711176                    /home/zazhu/jdk1.7.0_01/jre/lib/amd64/libjava.so
7f67d05e4000-7f67d07e4000 ---p 00029000 07:00 1711176                    /home/zazhu/jdk1.7.0_01/jre/lib/amd64/libjava.so
7f67d07e4000-7f67d07e6000 rw-p 00029000 07:00 1711176                    /home/zazhu/jdk1.7.0_01/jre/lib/amd64/libjava.so
7f67d07e6000-7f67d07f5000 r-xp 00000000 07:00 1702939                    /home/zazhu/jdk1.7.0_01/jre/lib/amd64/libverify.so
7f67d07f5000-7f67d09f4000 ---p 0000f000 07:00 1702939                    /home/zazhu/jdk1.7.0_01/jre/lib/amd64/libverify.so
7f67d09f4000-7f67d09f6000 rw-p 0000e000 07:00 1702939                    /home/zazhu/jdk1.7.0_01/jre/lib/amd64/libverify.so
7f67d09f6000-7f67d09fd000 r-xp 00000000 07:00 2130                       /lib/x86_64-linux-gnu/librt-2.13.so
7f67d09fd000-7f67d0bfc000 ---p 00007000 07:00 2130                       /lib/x86_64-linux-gnu/librt-2.13.so
7f67d0bfc000-7f67d0bfd000 r--p 00006000 07:00 2130                       /lib/x86_64-linux-gnu/librt-2.13.so
7f67d0bfd000-7f67d0bfe000 rw-p 00007000 07:00 2130                       /lib/x86_64-linux-gnu/librt-2.13.so
7f67d0bfe000-7f67d0c81000 r-xp 00000000 07:00 2129                       /lib/x86_64-linux-gnu/libm-2.13.so
7f67d0c81000-7f67d0e80000 ---p 00083000 07:00 2129                       /lib/x86_64-linux-gnu/libm-2.13.so
7f67d0e80000-7f67d0e81000 r--p 00082000 07:00 2129                       /lib/x86_64-linux-gnu/libm-2.13.so
7f67d0e81000-7f67d0e82000 rw-p 00083000 07:00 2129                       /lib/x86_64-linux-gnu/libm-2.13.so
7f67d0e82000-7f67d1852000 r-xp 00000000 07:00 1700892                    /home/zazhu/jdk1.7.0_01/jre/lib/amd64/server/libjvm.so
7f67d1852000-7f67d1a52000 ---p 009d0000 07:00 1700892                    /home/zazhu/jdk1.7.0_01/jre/lib/amd64/server/libjvm.so
7f67d1a52000-7f67d1aed000 rw-p 009d0000 07:00 1700892                    /home/zazhu/jdk1.7.0_01/jre/lib/amd64/server/libjvm.so
7f67d1aed000-7f67d1b26000 rw-p 00000000 00:00 0 
7f67d1b26000-7f67d1cbb000 r-xp 00000000 07:00 2152                       /lib/x86_64-linux-gnu/libc-2.13.so
7f67d1cbb000-7f67d1eba000 ---p 00195000 07:00 2152                       /lib/x86_64-linux-gnu/libc-2.13.so
7f67d1eba000-7f67d1ebe000 r--p 00194000 07:00 2152                       /lib/x86_64-linux-gnu/libc-2.13.so
7f67d1ebe000-7f67d1ebf000 rw-p 00198000 07:00 2152                       /lib/x86_64-linux-gnu/libc-2.13.so
7f67d1ebf000-7f67d1ec5000 rw-p 00000000 00:00 0 
7f67d1ec5000-7f67d1ec7000 r-xp 00000000 07:00 2113                       /lib/x86_64-linux-gnu/libdl-2.13.so
7f67d1ec7000-7f67d20c7000 ---p 00002000 07:00 2113                       /lib/x86_64-linux-gnu/libdl-2.13.so
7f67d20c7000-7f67d20c8000 r--p 00002000 07:00 2113                       /lib/x86_64-linux-gnu/libdl-2.13.so
7f67d20c8000-7f67d20c9000 rw-p 00003000 07:00 2113                       /lib/x86_64-linux-gnu/libdl-2.13.so
7f67d20c9000-7f67d20df000 r-xp 00000000 07:00 1705989                    /home/zazhu/jdk1.7.0_01/jre/lib/amd64/jli/libjli.so
7f67d20df000-7f67d22de000 ---p 00016000 07:00 1705989                    /home/zazhu/jdk1.7.0_01/jre/lib/amd64/jli/libjli.so
7f67d22de000-7f67d22df000 rw-p 00015000 07:00 1705989                    /home/zazhu/jdk1.7.0_01/jre/lib/amd64/jli/libjli.so
7f67d22df000-7f67d22f7000 r-xp 00000000 07:00 2103                       /lib/x86_64-linux-gnu/libpthread-2.13.so
7f67d22f7000-7f67d24f6000 ---p 00018000 07:00 2103                       /lib/x86_64-linux-gnu/libpthread-2.13.so
7f67d24f6000-7f67d24f7000 r--p 00017000 07:00 2103                       /lib/x86_64-linux-gnu/libpthread-2.13.so
7f67d24f7000-7f67d24f8000 rw-p 00018000 07:00 2103                       /lib/x86_64-linux-gnu/libpthread-2.13.so
7f67d24f8000-7f67d24fc000 rw-p 00000000 00:00 0 
7f67d24fc000-7f67d251d000 r-xp 00000000 07:00 2111                       /lib/x86_64-linux-gnu/ld-2.13.so
7f67d2536000-7f67d2540000 rw-p 00000000 00:00 0 
7f67d2540000-7f67d25f6000 rw-p 00000000 00:00 0 
7f67d25f6000-7f67d25f9000 ---p 00000000 00:00 0 
7f67d25f9000-7f67d26fb000 rw-p 00000000 00:00 0 
7f67d2710000-7f67d2718000 rw-s 00000000 07:00 210958                     /tmp/hsperfdata_zazhu/17979
7f67d2718000-7f67d2719000 rw-p 00000000 00:00 0 
7f67d2719000-7f67d271a000 r--p 00000000 00:00 0 
7f67d271a000-7f67d271c000 rw-p 00000000 00:00 0 
7f67d271c000-7f67d271d000 r--p 00020000 07:00 2111                       /lib/x86_64-linux-gnu/ld-2.13.so
7f67d271d000-7f67d271f000 rw-p 00021000 07:00 2111                       /lib/x86_64-linux-gnu/ld-2.13.so
7fff38db2000-7fff38dd3000 rw-p 00000000 00:00 0                          [stack]
7fff38dff000-7fff38e00000 r-xp 00000000 00:00 0                          [vdso]
ffffffffff600000-ffffffffff601000 r-xp 00000000 00:00 0                  [vsyscall]

VM Arguments:
jvm_args: -Dfile.encoding=UTF-8 -Xbootclasspath:/home/zazhu/android-sdk-linux/platforms/android-7/android.jar 
java_command: com.zazhu.BlueHub.FrameParser
Launcher Type: SUN_STANDARD

Environment Variables:
PATH=/usr/lib/lightdm/lightdm:/usr/local/sbin:/usr/local/bin:/usr/sbin:/usr/bin:/sbin:/bin:/usr/games
USERNAME=zazhu
LD_LIBRARY_PATH=/home/zazhu/jdk1.7.0_01/jre/lib/amd64/server:/home/zazhu/jdk1.7.0_01/jre/lib/amd64:/home/zazhu/jdk1.7.0_01/jre/../lib/amd64:/usr/lib/jvm/java-6-openjdk/jre/lib/amd64/server:/usr/lib/jvm/java-6-openjdk/jre/lib/amd64:/usr/lib/jvm/java-6-openjdk/jre/../lib/amd64
SHELL=/bin/bash
DISPLAY=:0

Signal Handlers:
SIGSEGV: [libjvm.so+0x84b980], sa_mask[0]=0x7ffbfeff, sa_flags=0x10000004
SIGBUS: [libjvm.so+0x84b980], sa_mask[0]=0x7ffbfeff, sa_flags=0x10000004
SIGFPE: [libjvm.so+0x6f3340], sa_mask[0]=0x7ffbfeff, sa_flags=0x10000004
SIGPIPE: [libjvm.so+0x6f3340], sa_mask[0]=0x7ffbfeff, sa_flags=0x10000004
SIGXFSZ: [libjvm.so+0x6f3340], sa_mask[0]=0x7ffbfeff, sa_flags=0x10000004
SIGILL: [libjvm.so+0x6f3340], sa_mask[0]=0x7ffbfeff, sa_flags=0x10000004
SIGUSR1: SIG_DFL, sa_mask[0]=0x00000000, sa_flags=0x00000000
SIGUSR2: [libjvm.so+0x6f2cb0], sa_mask[0]=0x00000004, sa_flags=0x10000004
SIGHUP: SIG_DFL, sa_mask[0]=0x00000000, sa_flags=0x00000000
SIGINT: SIG_DFL, sa_mask[0]=0x00000000, sa_flags=0x00000000
SIGTERM: SIG_DFL, sa_mask[0]=0x00000000, sa_flags=0x00000000
SIGQUIT: SIG_DFL, sa_mask[0]=0x00000000, sa_flags=0x00000000


---------------  S Y S T E M  ---------------

OS:wheezy/sid

uname:Linux 3.0.0-13-generic #22-Ubuntu SMP Wed Nov 2 13:27:26 UTC 2011 x86_64
libc:glibc 2.13 NPTL 2.13 
rlimit: STACK 8192k, CORE 0k, NPROC 30467, NOFILE 4096, AS infinity
load average:0.00 0.04 0.13

/proc/meminfo:
MemTotal:        3915616 kB
MemFree:          220184 kB
Buffers:          349580 kB
Cached:           514724 kB
SwapCached:        39208 kB
Active:          2196832 kB
Inactive:        1197820 kB
Active(anon):    1829444 kB
Inactive(anon):   741832 kB
Active(file):     367388 kB
Inactive(file):   455988 kB
Unevictable:        2540 kB
Mlocked:               0 kB
SwapTotal:        262140 kB
SwapFree:          71880 kB
Dirty:               772 kB
Writeback:             0 kB
AnonPages:       2494240 kB
Mapped:           173648 kB
Shmem:             37984 kB
Slab:             106756 kB
SReclaimable:      71100 kB
SUnreclaim:        35656 kB
KernelStack:        4568 kB
PageTables:        55236 kB
NFS_Unstable:          0 kB
Bounce:                0 kB
WritebackTmp:          0 kB
CommitLimit:     2219948 kB
Committed_AS:    6093772 kB
VmallocTotal:   34359738367 kB
VmallocUsed:      344376 kB
VmallocChunk:   34359364092 kB
HardwareCorrupted:     0 kB
AnonHugePages:         0 kB
HugePages_Total:       0
HugePages_Free:        0
HugePages_Rsvd:        0
HugePages_Surp:        0
Hugepagesize:       2048 kB
DirectMap4k:      901120 kB
DirectMap2M:     3153920 kB


CPU:total 4 (2 cores per cpu, 2 threads per core) family 6 model 37 stepping 5, cmov, cx8, fxsr, mmx, sse, sse2, sse3, ssse3, sse4.1, sse4.2, popcnt, ht

/proc/cpuinfo:
processor	: 0
vendor_id	: GenuineIntel
cpu family	: 6
model		: 37
model name	: Intel(R) Core(TM) i7 CPU       M 620  @ 2.67GHz
stepping	: 5
cpu MHz		: 2667.000
cache size	: 4096 KB
physical id	: 0
siblings	: 4
core id		: 0
cpu cores	: 2
apicid		: 0
initial apicid	: 0
fpu		: yes
fpu_exception	: yes
cpuid level	: 11
wp		: yes
flags		: fpu vme de pse tsc msr pae mce cx8 apic sep mtrr pge mca cmov pat pse36 clflush dts acpi mmx fxsr sse sse2 ss ht tm pbe syscall nx rdtscp lm constant_tsc arch_perfmon pebs bts rep_good nopl xtopology nonstop_tsc aperfmperf pni pclmulqdq dtes64 monitor ds_cpl vmx smx est tm2 ssse3 cx16 xtpr pdcm sse4_1 sse4_2 popcnt aes lahf_lm ida arat dts tpr_shadow vnmi flexpriority ept vpid
bogomips	: 5320.84
clflush size	: 64
cache_alignment	: 64
address sizes	: 36 bits physical, 48 bits virtual
power management:

processor	: 1
vendor_id	: GenuineIntel
cpu family	: 6
model		: 37
model name	: Intel(R) Core(TM) i7 CPU       M 620  @ 2.67GHz
stepping	: 5
cpu MHz		: 2666.000
cache size	: 4096 KB
physical id	: 0
siblings	: 4
core id		: 0
cpu cores	: 2
apicid		: 1
initial apicid	: 1
fpu		: yes
fpu_exception	: yes
cpuid level	: 11
wp		: yes
flags		: fpu vme de pse tsc msr pae mce cx8 apic sep mtrr pge mca cmov pat pse36 clflush dts acpi mmx fxsr sse sse2 ss ht tm pbe syscall nx rdtscp lm constant_tsc arch_perfmon pebs bts rep_good nopl xtopology nonstop_tsc aperfmperf pni pclmulqdq dtes64 monitor ds_cpl vmx smx est tm2 ssse3 cx16 xtpr pdcm sse4_1 sse4_2 popcnt aes lahf_lm ida arat dts tpr_shadow vnmi flexpriority ept vpid
bogomips	: 5322.65
clflush size	: 64
cache_alignment	: 64
address sizes	: 36 bits physical, 48 bits virtual
power management:

processor	: 2
vendor_id	: GenuineIntel
cpu family	: 6
model		: 37
model name	: Intel(R) Core(TM) i7 CPU       M 620  @ 2.67GHz
stepping	: 5
cpu MHz		: 2667.000
cache size	: 4096 KB
physical id	: 0
siblings	: 4
core id		: 2
cpu cores	: 2
apicid		: 4
initial apicid	: 4
fpu		: yes
fpu_exception	: yes
cpuid level	: 11
wp		: yes
flags		: fpu vme de pse tsc msr pae mce cx8 apic sep mtrr pge mca cmov pat pse36 clflush dts acpi mmx fxsr sse sse2 ss ht tm pbe syscall nx rdtscp lm constant_tsc arch_perfmon pebs bts rep_good nopl xtopology nonstop_tsc aperfmperf pni pclmulqdq dtes64 monitor ds_cpl vmx smx est tm2 ssse3 cx16 xtpr pdcm sse4_1 sse4_2 popcnt aes lahf_lm ida arat dts tpr_shadow vnmi flexpriority ept vpid
bogomips	: 5322.80
clflush size	: 64
cache_alignment	: 64
address sizes	: 36 bits physical, 48 bits virtual
power management:

processor	: 3
vendor_id	: GenuineIntel
cpu family	: 6
model		: 37
model name	: Intel(R) Core(TM) i7 CPU       M 620  @ 2.67GHz
stepping	: 5
cpu MHz		: 2667.000
cache size	: 4096 KB
physical id	: 0
siblings	: 4
core id		: 2
cpu cores	: 2
apicid		: 5
initial apicid	: 5
fpu		: yes
fpu_exception	: yes
cpuid level	: 11
wp		: yes
flags		: fpu vme de pse tsc msr pae mce cx8 apic sep mtrr pge mca cmov pat pse36 clflush dts acpi mmx fxsr sse sse2 ss ht tm pbe syscall nx rdtscp lm constant_tsc arch_perfmon pebs bts rep_good nopl xtopology nonstop_tsc aperfmperf pni pclmulqdq dtes64 monitor ds_cpl vmx smx est tm2 ssse3 cx16 xtpr pdcm sse4_1 sse4_2 popcnt aes lahf_lm ida arat dts tpr_shadow vnmi flexpriority ept vpid
bogomips	: 5322.60
clflush size	: 64
cache_alignment	: 64
address sizes	: 36 bits physical, 48 bits virtual
power management:



Memory: 4k page, physical 3915616k(220184k free), swap 262140k(71880k free)

vm_info: Java HotSpot(TM) 64-Bit Server VM (21.1-b02) for linux-amd64 JRE (1.7.0_01-b08), built on Oct  3 2011 01:18:26 by "java_re" with gcc 4.3.0 20080428 (Red Hat 4.3.0-8)

time: Fri Dec  9 10:58:18 2011
elapsed time: 0 seconds

