#
# A fatal error has been detected by the Java Runtime Environment:
#
#  Internal Error (classFileParser.cpp:3494), pid=28311, tid=140131378362112
#  Error: ShouldNotReachHere()
#
# JRE version: 6.0_23-b23
# Java VM: OpenJDK 64-Bit Server VM (20.0-b11 mixed mode linux-amd64 compressed oops)
# Derivative: IcedTea6 1.11pre
# Distribution: Ubuntu 11.10, package 6b23~pre11-0ubuntu1.11.10
# If you would like to submit a bug report, please include
# instructions how to reproduce the bug and visit:
#   https://bugs.launchpad.net/ubuntu/+source/openjdk-6/
#

---------------  T H R E A D  ---------------

Current thread (0x0000000000e5d800):  JavaThread "Unknown thread" [_thread_in_vm, id=28316, stack(0x00007f72e0f77000,0x00007f72e1078000)]

Stack: [0x00007f72e0f77000,0x00007f72e1078000],  sp=0x00007f72e1076060,  free space=1020k
Native frames: (J=compiled Java code, j=interpreted, Vv=VM code, C=native code)
V  [libjvm.so+0x783225]  VMError::report(outputStream*)+0x1255
V  [libjvm.so+0x7834a9]  VMError::report_and_die()+0x169
V  [libjvm.so+0x3bb13a]  report_vm_error(char const*, int, char const*, char const*)+0x4a
V  [libjvm.so+0x351515]  ClassFileParser::parseClassFile(symbolHandle, Handle, Handle, KlassHandle, GrowableArray<Handle>*, symbolHandle&, bool, Thread*)+0x1545
V  [libjvm.so+0x355773]  ClassLoader::load_classfile(symbolHandle, Thread*)+0x1f3
V  [libjvm.so+0x71b564]  SystemDictionary::load_instance_class(symbolHandle, Handle, Thread*)+0x354
V  [libjvm.so+0x719c70]  SystemDictionary::resolve_instance_class_or_null(symbolHandle, Handle, Handle, Thread*)+0x7c0
V  [libjvm.so+0x71bbf3]  SystemDictionary::resolve_or_fail(symbolHandle, Handle, Handle, bool, Thread*)+0x33
V  [libjvm.so+0x71bcd4]  SystemDictionary::resolve_or_fail(symbolHandle, bool, Thread*)+0x14
V  [libjvm.so+0x71bd80]  SystemDictionary::initialize_wk_klass(SystemDictionary::WKID, int, Thread*)+0xa0
V  [libjvm.so+0x71bde9]  SystemDictionary::initialize_wk_klasses_until(SystemDictionary::WKID, SystemDictionary::WKID&, Thread*)+0x59
V  [libjvm.so+0x71bee1]  SystemDictionary::initialize_preloaded_classes(Thread*)+0x71
V  [libjvm.so+0x75f65f]  Universe::genesis(Thread*)+0x11f
V  [libjvm.so+0x76000f]  universe2_init()+0x1f
V  [libjvm.so+0x473ea5]  init_globals()+0x95
V  [libjvm.so+0x749f9a]  Threads::create_vm(JavaVMInitArgs*, bool*)+0x1ea
V  [libjvm.so+0x4cdb51]  JNI_CreateJavaVM+0x61
C  [java+0x315e]  JavaMain+0x7e


---------------  P R O C E S S  ---------------

Java Threads: ( => current thread )

Other Threads:

=>0x0000000000e5d800 (exited) JavaThread "Unknown thread" [_thread_in_vm, id=28316, stack(0x00007f72e0f77000,0x00007f72e1078000)]

VM state:not at safepoint (not fully initialized)

VM Mutex/Monitor currently owned by a thread: None

Dynamic libraries:
00400000-00409000 r-xp 00000000 07:00 409907                             /usr/lib/jvm/java-6-openjdk/jre/bin/java
00608000-00609000 r--p 00008000 07:00 409907                             /usr/lib/jvm/java-6-openjdk/jre/bin/java
00609000-0060a000 rw-p 00009000 07:00 409907                             /usr/lib/jvm/java-6-openjdk/jre/bin/java
00e53000-00ee5000 rw-p 00000000 00:00 0                                  [heap]
b9e00000-bb2c0000 rw-p 00000000 00:00 0 
bb2c0000-c4400000 rw-p 00000000 00:00 0 
c4400000-c6be0000 rw-p 00000000 00:00 0 
c6be0000-ec160000 rw-p 00000000 00:00 0 
ec160000-ed540000 rw-p 00000000 00:00 0 
ed540000-100000000 rw-p 00000000 00:00 0 
7f72da65e000-7f72da6bd000 r--s 00492000 07:00 753043                     /home/zazhu/android-sdk-linux/platforms/android-7/android.jar
7f72da6bd000-7f72da6e5000 rw-p 00000000 00:00 0 
7f72da6e5000-7f72da6e6000 ---p 00000000 00:00 0 
7f72da6e6000-7f72da7e6000 rw-p 00000000 00:00 0 
7f72da7e6000-7f72da7e7000 ---p 00000000 00:00 0 
7f72da7e7000-7f72da8e7000 rw-p 00000000 00:00 0 
7f72da8e7000-7f72da8e8000 ---p 00000000 00:00 0 
7f72da8e8000-7f72da9e8000 rw-p 00000000 00:00 0 
7f72da9e8000-7f72da9e9000 ---p 00000000 00:00 0 
7f72da9e9000-7f72daaf4000 rw-p 00000000 00:00 0 
7f72daaf4000-7f72dab3c000 rw-p 00000000 00:00 0 
7f72dab3c000-7f72dab50000 rw-p 00000000 00:00 0 
7f72dab50000-7f72dac7b000 rw-p 00000000 00:00 0 
7f72dac7b000-7f72dac86000 rw-p 00000000 00:00 0 
7f72dac86000-7f72dacce000 rw-p 00000000 00:00 0 
7f72dacce000-7f72dace2000 rw-p 00000000 00:00 0 
7f72dace2000-7f72dae0c000 rw-p 00000000 00:00 0 
7f72dae0c000-7f72dae17000 rw-p 00000000 00:00 0 
7f72dae17000-7f72daeac000 rw-p 00000000 00:00 0 
7f72daeac000-7f72daead000 rw-p 00000000 00:00 0 
7f72daead000-7f72db11d000 rwxp 00000000 00:00 0 
7f72db11d000-7f72ddead000 rw-p 00000000 00:00 0 
7f72ddead000-7f72ddeb4000 r-xp 00000000 07:00 1113114                    /usr/lib/jvm/java-6-openjdk/jre/lib/amd64/libzip.so
7f72ddeb4000-7f72de0b3000 ---p 00007000 07:00 1113114                    /usr/lib/jvm/java-6-openjdk/jre/lib/amd64/libzip.so
7f72de0b3000-7f72de0b4000 r--p 00006000 07:00 1113114                    /usr/lib/jvm/java-6-openjdk/jre/lib/amd64/libzip.so
7f72de0b4000-7f72de0b5000 rw-p 00007000 07:00 1113114                    /usr/lib/jvm/java-6-openjdk/jre/lib/amd64/libzip.so
7f72de0b5000-7f72de0c1000 r-xp 00000000 07:00 2188                       /lib/x86_64-linux-gnu/libnss_files-2.13.so
7f72de0c1000-7f72de2c0000 ---p 0000c000 07:00 2188                       /lib/x86_64-linux-gnu/libnss_files-2.13.so
7f72de2c0000-7f72de2c1000 r--p 0000b000 07:00 2188                       /lib/x86_64-linux-gnu/libnss_files-2.13.so
7f72de2c1000-7f72de2c2000 rw-p 0000c000 07:00 2188                       /lib/x86_64-linux-gnu/libnss_files-2.13.so
7f72de2c2000-7f72de2cc000 r-xp 00000000 07:00 2151                       /lib/x86_64-linux-gnu/libnss_nis-2.13.so
7f72de2cc000-7f72de4cc000 ---p 0000a000 07:00 2151                       /lib/x86_64-linux-gnu/libnss_nis-2.13.so
7f72de4cc000-7f72de4cd000 r--p 0000a000 07:00 2151                       /lib/x86_64-linux-gnu/libnss_nis-2.13.so
7f72de4cd000-7f72de4ce000 rw-p 0000b000 07:00 2151                       /lib/x86_64-linux-gnu/libnss_nis-2.13.so
7f72de4ce000-7f72de4e5000 r-xp 00000000 07:00 2162                       /lib/x86_64-linux-gnu/libnsl-2.13.so
7f72de4e5000-7f72de6e4000 ---p 00017000 07:00 2162                       /lib/x86_64-linux-gnu/libnsl-2.13.so
7f72de6e4000-7f72de6e5000 r--p 00016000 07:00 2162                       /lib/x86_64-linux-gnu/libnsl-2.13.so
7f72de6e5000-7f72de6e6000 rw-p 00017000 07:00 2162                       /lib/x86_64-linux-gnu/libnsl-2.13.so
7f72de6e6000-7f72de6e8000 rw-p 00000000 00:00 0 
7f72de6e8000-7f72de6f0000 r-xp 00000000 07:00 2105                       /lib/x86_64-linux-gnu/libnss_compat-2.13.so
7f72de6f0000-7f72de8ef000 ---p 00008000 07:00 2105                       /lib/x86_64-linux-gnu/libnss_compat-2.13.so
7f72de8ef000-7f72de8f0000 r--p 00007000 07:00 2105                       /lib/x86_64-linux-gnu/libnss_compat-2.13.so
7f72de8f0000-7f72de8f1000 rw-p 00008000 07:00 2105                       /lib/x86_64-linux-gnu/libnss_compat-2.13.so
7f72de8f1000-7f72de91d000 r-xp 00000000 07:00 1113113                    /usr/lib/jvm/java-6-openjdk/jre/lib/amd64/libjava.so
7f72de91d000-7f72deb1c000 ---p 0002c000 07:00 1113113                    /usr/lib/jvm/java-6-openjdk/jre/lib/amd64/libjava.so
7f72deb1c000-7f72deb1d000 r--p 0002b000 07:00 1113113                    /usr/lib/jvm/java-6-openjdk/jre/lib/amd64/libjava.so
7f72deb1d000-7f72deb20000 rw-p 0002c000 07:00 1113113                    /usr/lib/jvm/java-6-openjdk/jre/lib/amd64/libjava.so
7f72deb20000-7f72deb2e000 r-xp 00000000 07:00 1113099                    /usr/lib/jvm/java-6-openjdk/jre/lib/amd64/libverify.so
7f72deb2e000-7f72ded2d000 ---p 0000e000 07:00 1113099                    /usr/lib/jvm/java-6-openjdk/jre/lib/amd64/libverify.so
7f72ded2d000-7f72ded2f000 r--p 0000d000 07:00 1113099                    /usr/lib/jvm/java-6-openjdk/jre/lib/amd64/libverify.so
7f72ded2f000-7f72ded30000 rw-p 0000f000 07:00 1113099                    /usr/lib/jvm/java-6-openjdk/jre/lib/amd64/libverify.so
7f72ded30000-7f72ded37000 r-xp 00000000 07:00 2130                       /lib/x86_64-linux-gnu/librt-2.13.so
7f72ded37000-7f72def36000 ---p 00007000 07:00 2130                       /lib/x86_64-linux-gnu/librt-2.13.so
7f72def36000-7f72def37000 r--p 00006000 07:00 2130                       /lib/x86_64-linux-gnu/librt-2.13.so
7f72def37000-7f72def38000 rw-p 00007000 07:00 2130                       /lib/x86_64-linux-gnu/librt-2.13.so
7f72def38000-7f72def4d000 r-xp 00000000 07:00 2117                       /lib/x86_64-linux-gnu/libgcc_s.so.1
7f72def4d000-7f72df14c000 ---p 00015000 07:00 2117                       /lib/x86_64-linux-gnu/libgcc_s.so.1
7f72df14c000-7f72df14d000 r--p 00014000 07:00 2117                       /lib/x86_64-linux-gnu/libgcc_s.so.1
7f72df14d000-7f72df14e000 rw-p 00015000 07:00 2117                       /lib/x86_64-linux-gnu/libgcc_s.so.1
7f72df14e000-7f72df1d1000 r-xp 00000000 07:00 2129                       /lib/x86_64-linux-gnu/libm-2.13.so
7f72df1d1000-7f72df3d0000 ---p 00083000 07:00 2129                       /lib/x86_64-linux-gnu/libm-2.13.so
7f72df3d0000-7f72df3d1000 r--p 00082000 07:00 2129                       /lib/x86_64-linux-gnu/libm-2.13.so
7f72df3d1000-7f72df3d2000 rw-p 00083000 07:00 2129                       /lib/x86_64-linux-gnu/libm-2.13.so
7f72df3d2000-7f72df4ba000 r-xp 00000000 07:00 70221                      /usr/lib/x86_64-linux-gnu/libstdc++.so.6.0.16
7f72df4ba000-7f72df6ba000 ---p 000e8000 07:00 70221                      /usr/lib/x86_64-linux-gnu/libstdc++.so.6.0.16
7f72df6ba000-7f72df6c2000 r--p 000e8000 07:00 70221                      /usr/lib/x86_64-linux-gnu/libstdc++.so.6.0.16
7f72df6c2000-7f72df6c4000 rw-p 000f0000 07:00 70221                      /usr/lib/x86_64-linux-gnu/libstdc++.so.6.0.16
7f72df6c4000-7f72df6d9000 rw-p 00000000 00:00 0 
7f72df6d9000-7f72dffdc000 r-xp 00000000 07:00 1935528                    /usr/lib/jvm/java-6-openjdk/jre/lib/amd64/server/libjvm.so
7f72dffdc000-7f72e01db000 ---p 00903000 07:00 1935528                    /usr/lib/jvm/java-6-openjdk/jre/lib/amd64/server/libjvm.so
7f72e01db000-7f72e025c000 r--p 00902000 07:00 1935528                    /usr/lib/jvm/java-6-openjdk/jre/lib/amd64/server/libjvm.so
7f72e025c000-7f72e0277000 rw-p 00983000 07:00 1935528                    /usr/lib/jvm/java-6-openjdk/jre/lib/amd64/server/libjvm.so
7f72e0277000-7f72e02a0000 rw-p 00000000 00:00 0 
7f72e02a0000-7f72e02b7000 r-xp 00000000 07:00 2143                       /lib/x86_64-linux-gnu/libz.so.1.2.3.4
7f72e02b7000-7f72e04b6000 ---p 00017000 07:00 2143                       /lib/x86_64-linux-gnu/libz.so.1.2.3.4
7f72e04b6000-7f72e04b7000 r--p 00016000 07:00 2143                       /lib/x86_64-linux-gnu/libz.so.1.2.3.4
7f72e04b7000-7f72e04b8000 rw-p 00017000 07:00 2143                       /lib/x86_64-linux-gnu/libz.so.1.2.3.4
7f72e04b8000-7f72e064d000 r-xp 00000000 07:00 2152                       /lib/x86_64-linux-gnu/libc-2.13.so
7f72e064d000-7f72e084c000 ---p 00195000 07:00 2152                       /lib/x86_64-linux-gnu/libc-2.13.so
7f72e084c000-7f72e0850000 r--p 00194000 07:00 2152                       /lib/x86_64-linux-gnu/libc-2.13.so
7f72e0850000-7f72e0851000 rw-p 00198000 07:00 2152                       /lib/x86_64-linux-gnu/libc-2.13.so
7f72e0851000-7f72e0857000 rw-p 00000000 00:00 0 
7f72e0857000-7f72e0859000 r-xp 00000000 07:00 2113                       /lib/x86_64-linux-gnu/libdl-2.13.so
7f72e0859000-7f72e0a59000 ---p 00002000 07:00 2113                       /lib/x86_64-linux-gnu/libdl-2.13.so
7f72e0a59000-7f72e0a5a000 r--p 00002000 07:00 2113                       /lib/x86_64-linux-gnu/libdl-2.13.so
7f72e0a5a000-7f72e0a5b000 rw-p 00003000 07:00 2113                       /lib/x86_64-linux-gnu/libdl-2.13.so
7f72e0a5b000-7f72e0a5f000 r-xp 00000000 07:00 1154338                    /usr/lib/jvm/java-6-openjdk/jre/lib/amd64/jli/libjli.so
7f72e0a5f000-7f72e0c5e000 ---p 00004000 07:00 1154338                    /usr/lib/jvm/java-6-openjdk/jre/lib/amd64/jli/libjli.so
7f72e0c5e000-7f72e0c5f000 r--p 00003000 07:00 1154338                    /usr/lib/jvm/java-6-openjdk/jre/lib/amd64/jli/libjli.so
7f72e0c5f000-7f72e0c60000 rw-p 00004000 07:00 1154338                    /usr/lib/jvm/java-6-openjdk/jre/lib/amd64/jli/libjli.so
7f72e0c60000-7f72e0c78000 r-xp 00000000 07:00 2103                       /lib/x86_64-linux-gnu/libpthread-2.13.so
7f72e0c78000-7f72e0e77000 ---p 00018000 07:00 2103                       /lib/x86_64-linux-gnu/libpthread-2.13.so
7f72e0e77000-7f72e0e78000 r--p 00017000 07:00 2103                       /lib/x86_64-linux-gnu/libpthread-2.13.so
7f72e0e78000-7f72e0e79000 rw-p 00018000 07:00 2103                       /lib/x86_64-linux-gnu/libpthread-2.13.so
7f72e0e79000-7f72e0e7d000 rw-p 00000000 00:00 0 
7f72e0e7d000-7f72e0e9e000 r-xp 00000000 07:00 2111                       /lib/x86_64-linux-gnu/ld-2.13.so
7f72e0eb7000-7f72e0ec1000 rw-p 00000000 00:00 0 
7f72e0ec1000-7f72e0f77000 rw-p 00000000 00:00 0 
7f72e0f77000-7f72e0f7a000 ---p 00000000 00:00 0 
7f72e0f7a000-7f72e107d000 rw-p 00000000 00:00 0 
7f72e1091000-7f72e1099000 rw-s 00000000 07:00 541712                     /tmp/hsperfdata_zazhu/28311
7f72e1099000-7f72e109a000 rw-p 00000000 00:00 0 
7f72e109a000-7f72e109b000 r--p 00000000 00:00 0 
7f72e109b000-7f72e109d000 rw-p 00000000 00:00 0 
7f72e109d000-7f72e109e000 r--p 00020000 07:00 2111                       /lib/x86_64-linux-gnu/ld-2.13.so
7f72e109e000-7f72e10a0000 rw-p 00021000 07:00 2111                       /lib/x86_64-linux-gnu/ld-2.13.so
7fff7c9ee000-7fff7ca0f000 rw-p 00000000 00:00 0                          [stack]
7fff7ca38000-7fff7ca39000 r-xp 00000000 00:00 0                          [vdso]
ffffffffff600000-ffffffffff601000 r-xp 00000000 00:00 0                  [vsyscall]

VM Arguments:
jvm_args: -Dfile.encoding=UTF-8 -Xbootclasspath:/home/zazhu/android-sdk-linux/platforms/android-7/android.jar 
java_command: com.zazhu.BlueHub.FrameParser
Launcher Type: SUN_STANDARD

Environment Variables:
PATH=/usr/lib/lightdm/lightdm:/usr/local/sbin:/usr/local/bin:/usr/sbin:/usr/bin:/sbin:/bin:/usr/games
USERNAME=zazhu
LD_LIBRARY_PATH=/usr/lib/jvm/java-6-openjdk/jre/lib/amd64/server:/usr/lib/jvm/java-6-openjdk/jre/lib/amd64:/usr/lib/jvm/java-6-openjdk/jre/../lib/amd64
SHELL=/bin/bash
DISPLAY=:0

Signal Handlers:
SIGSEGV: [libjvm.so+0x783e60], sa_mask[0]=0x7ffbfeff, sa_flags=0x10000004
SIGBUS: [libjvm.so+0x783e60], sa_mask[0]=0x7ffbfeff, sa_flags=0x10000004
SIGFPE: [libjvm.so+0x6485c0], sa_mask[0]=0x7ffbfeff, sa_flags=0x10000004
SIGPIPE: [libjvm.so+0x6485c0], sa_mask[0]=0x7ffbfeff, sa_flags=0x10000004
SIGXFSZ: [libjvm.so+0x6485c0], sa_mask[0]=0x7ffbfeff, sa_flags=0x10000004
SIGILL: [libjvm.so+0x6485c0], sa_mask[0]=0x7ffbfeff, sa_flags=0x10000004
SIGUSR1: SIG_DFL, sa_mask[0]=0x00000000, sa_flags=0x00000000
SIGUSR2: [libjvm.so+0x648770], sa_mask[0]=0x00000004, sa_flags=0x10000004
SIGHUP: SIG_DFL, sa_mask[0]=0x00000000, sa_flags=0x00000000
SIGINT: SIG_DFL, sa_mask[0]=0x00000000, sa_flags=0x00000000
SIGTERM: SIG_DFL, sa_mask[0]=0x00000000, sa_flags=0x00000000
SIGQUIT: SIG_DFL, sa_mask[0]=0x00000000, sa_flags=0x00000000


---------------  S Y S T E M  ---------------

OS:Ubuntu 11.10 (oneiric)
uname:Linux 3.0.0-13-generic #22-Ubuntu SMP Wed Nov 2 13:27:26 UTC 2011 x86_64
libc:glibc 2.13 NPTL 2.13 
rlimit: STACK 8192k, CORE 0k, NPROC 30467, NOFILE 4096, AS infinity
load average:0.23 0.16 0.14

/proc/meminfo:
MemTotal:        3915616 kB
MemFree:          209888 kB
Buffers:          710024 kB
Cached:           807964 kB
SwapCached:        38676 kB
Active:          1873852 kB
Inactive:        1560712 kB
Active(anon):    1359128 kB
Inactive(anon):   573640 kB
Active(file):     514724 kB
Inactive(file):   987072 kB
Unevictable:        2540 kB
Mlocked:               0 kB
SwapTotal:        262140 kB
SwapFree:          43036 kB
Dirty:               424 kB
Writeback:             0 kB
AnonPages:       1880664 kB
Mapped:           119712 kB
Shmem:             13548 kB
Slab:              99856 kB
SReclaimable:      65524 kB
SUnreclaim:        34332 kB
KernelStack:        3928 kB
PageTables:        39224 kB
NFS_Unstable:          0 kB
Bounce:                0 kB
WritebackTmp:          0 kB
CommitLimit:     2219948 kB
Committed_AS:    4236536 kB
VmallocTotal:   34359738367 kB
VmallocUsed:      355092 kB
VmallocChunk:   34359373868 kB
HardwareCorrupted:     0 kB
AnonHugePages:         0 kB
HugePages_Total:       0
HugePages_Free:        0
HugePages_Rsvd:        0
HugePages_Surp:        0
Hugepagesize:       2048 kB
DirectMap4k:      100352 kB
DirectMap2M:     3954688 kB


CPU:total 4 (2 cores per cpu, 2 threads per core) family 6 model 37 stepping 5, cmov, cx8, fxsr, mmx, sse, sse2, sse3, ssse3, sse4.1, sse4.2, popcnt, ht

Memory: 4k page, physical 3915616k(209888k free), swap 262140k(43036k free)

vm_info: OpenJDK 64-Bit Server VM (20.0-b11) for linux-amd64 JRE (1.6.0_23-b23), built on Oct 22 2011 01:00:57 by "buildd" with gcc 4.6.1

time: Wed Nov 30 16:03:26 2011
elapsed time: 0 seconds

