#
# A fatal error has been detected by the Java Runtime Environment:
#
#  Internal Error (classFileParser.cpp:3494), pid=2223, tid=139920862033664
#  Error: ShouldNotReachHere()
#
# JRE version: 6.0_23-b23
# Java VM: OpenJDK 64-Bit Server VM (20.0-b11 mixed mode linux-amd64 compressed oops)
# Derivative: IcedTea6 1.11pre
# Distribution: Ubuntu 11.10, package 6b23~pre11-0ubuntu1.11.10
# If you would like to submit a bug report, please include
# instructions how to reproduce the bug and visit:
#   https://bugs.launchpad.net/ubuntu/+source/openjdk-6/
#

---------------  T H R E A D  ---------------

Current thread (0x00000000008e6800):  JavaThread "Unknown thread" [_thread_in_vm, id=2225, stack(0x00007f41dd373000,0x00007f41dd474000)]

Stack: [0x00007f41dd373000,0x00007f41dd474000],  sp=0x00007f41dd472060,  free space=1020k
Native frames: (J=compiled Java code, j=interpreted, Vv=VM code, C=native code)
V  [libjvm.so+0x783225]  VMError::report(outputStream*)+0x1255
V  [libjvm.so+0x7834a9]  VMError::report_and_die()+0x169
V  [libjvm.so+0x3bb13a]  report_vm_error(char const*, int, char const*, char const*)+0x4a
V  [libjvm.so+0x351515]  ClassFileParser::parseClassFile(symbolHandle, Handle, Handle, KlassHandle, GrowableArray<Handle>*, symbolHandle&, bool, Thread*)+0x1545
V  [libjvm.so+0x355773]  ClassLoader::load_classfile(symbolHandle, Thread*)+0x1f3
V  [libjvm.so+0x71b564]  SystemDictionary::load_instance_class(symbolHandle, Handle, Thread*)+0x354
V  [libjvm.so+0x719c70]  SystemDictionary::resolve_instance_class_or_null(symbolHandle, Handle, Handle, Thread*)+0x7c0
V  [libjvm.so+0x71bbf3]  SystemDictionary::resolve_or_fail(symbolHandle, Handle, Handle, bool, Thread*)+0x33
V  [libjvm.so+0x71bcd4]  SystemDictionary::resolve_or_fail(symbolHandle, bool, Thread*)+0x14
V  [libjvm.so+0x71bd80]  SystemDictionary::initialize_wk_klass(SystemDictionary::WKID, int, Thread*)+0xa0
V  [libjvm.so+0x71bde9]  SystemDictionary::initialize_wk_klasses_until(SystemDictionary::WKID, SystemDictionary::WKID&, Thread*)+0x59
V  [libjvm.so+0x71bee1]  SystemDictionary::initialize_preloaded_classes(Thread*)+0x71
V  [libjvm.so+0x75f65f]  Universe::genesis(Thread*)+0x11f
V  [libjvm.so+0x76000f]  universe2_init()+0x1f
V  [libjvm.so+0x473ea5]  init_globals()+0x95
V  [libjvm.so+0x749f9a]  Threads::create_vm(JavaVMInitArgs*, bool*)+0x1ea
V  [libjvm.so+0x4cdb51]  JNI_CreateJavaVM+0x61
C  [java+0x315e]  JavaMain+0x7e


---------------  P R O C E S S  ---------------

Java Threads: ( => current thread )

Other Threads:

=>0x00000000008e6800 (exited) JavaThread "Unknown thread" [_thread_in_vm, id=2225, stack(0x00007f41dd373000,0x00007f41dd474000)]

VM state:not at safepoint (not fully initialized)

VM Mutex/Monitor currently owned by a thread: None

Dynamic libraries:
00400000-00409000 r-xp 00000000 07:00 409907                             /usr/lib/jvm/java-6-openjdk/jre/bin/java
00608000-00609000 r--p 00008000 07:00 409907                             /usr/lib/jvm/java-6-openjdk/jre/bin/java
00609000-0060a000 rw-p 00009000 07:00 409907                             /usr/lib/jvm/java-6-openjdk/jre/bin/java
008dc000-0096e000 rw-p 00000000 00:00 0                                  [heap]
b9e00000-bb2c0000 rw-p 00000000 00:00 0 
bb2c0000-c4400000 rw-p 00000000 00:00 0 
c4400000-c6be0000 rw-p 00000000 00:00 0 
c6be0000-ec160000 rw-p 00000000 00:00 0 
ec160000-ed540000 rw-p 00000000 00:00 0 
ed540000-100000000 rw-p 00000000 00:00 0 
7f41d6a5a000-7f41d6ab9000 r--s 00492000 07:00 753043                     /home/zazhu/android-sdk-linux/platforms/android-7/android.jar
7f41d6ab9000-7f41d6ae1000 rw-p 00000000 00:00 0 
7f41d6ae1000-7f41d6ae2000 ---p 00000000 00:00 0 
7f41d6ae2000-7f41d6be2000 rw-p 00000000 00:00 0 
7f41d6be2000-7f41d6be3000 ---p 00000000 00:00 0 
7f41d6be3000-7f41d6ce3000 rw-p 00000000 00:00 0 
7f41d6ce3000-7f41d6ce4000 ---p 00000000 00:00 0 
7f41d6ce4000-7f41d6de4000 rw-p 00000000 00:00 0 
7f41d6de4000-7f41d6de5000 ---p 00000000 00:00 0 
7f41d6de5000-7f41d6ef0000 rw-p 00000000 00:00 0 
7f41d6ef0000-7f41d6f38000 rw-p 00000000 00:00 0 
7f41d6f38000-7f41d6f4c000 rw-p 00000000 00:00 0 
7f41d6f4c000-7f41d7077000 rw-p 00000000 00:00 0 
7f41d7077000-7f41d7082000 rw-p 00000000 00:00 0 
7f41d7082000-7f41d70ca000 rw-p 00000000 00:00 0 
7f41d70ca000-7f41d70de000 rw-p 00000000 00:00 0 
7f41d70de000-7f41d7208000 rw-p 00000000 00:00 0 
7f41d7208000-7f41d7213000 rw-p 00000000 00:00 0 
7f41d7213000-7f41d72a8000 rw-p 00000000 00:00 0 
7f41d72a8000-7f41d72a9000 rw-p 00000000 00:00 0 
7f41d72a9000-7f41d7519000 rwxp 00000000 00:00 0 
7f41d7519000-7f41da2a9000 rw-p 00000000 00:00 0 
7f41da2a9000-7f41da2b0000 r-xp 00000000 07:00 1113114                    /usr/lib/jvm/java-6-openjdk/jre/lib/amd64/libzip.so
7f41da2b0000-7f41da4af000 ---p 00007000 07:00 1113114                    /usr/lib/jvm/java-6-openjdk/jre/lib/amd64/libzip.so
7f41da4af000-7f41da4b0000 r--p 00006000 07:00 1113114                    /usr/lib/jvm/java-6-openjdk/jre/lib/amd64/libzip.so
7f41da4b0000-7f41da4b1000 rw-p 00007000 07:00 1113114                    /usr/lib/jvm/java-6-openjdk/jre/lib/amd64/libzip.so
7f41da4b1000-7f41da4bd000 r-xp 00000000 07:00 2188                       /lib/x86_64-linux-gnu/libnss_files-2.13.so
7f41da4bd000-7f41da6bc000 ---p 0000c000 07:00 2188                       /lib/x86_64-linux-gnu/libnss_files-2.13.so
7f41da6bc000-7f41da6bd000 r--p 0000b000 07:00 2188                       /lib/x86_64-linux-gnu/libnss_files-2.13.so
7f41da6bd000-7f41da6be000 rw-p 0000c000 07:00 2188                       /lib/x86_64-linux-gnu/libnss_files-2.13.so
7f41da6be000-7f41da6c8000 r-xp 00000000 07:00 2151                       /lib/x86_64-linux-gnu/libnss_nis-2.13.so
7f41da6c8000-7f41da8c8000 ---p 0000a000 07:00 2151                       /lib/x86_64-linux-gnu/libnss_nis-2.13.so
7f41da8c8000-7f41da8c9000 r--p 0000a000 07:00 2151                       /lib/x86_64-linux-gnu/libnss_nis-2.13.so
7f41da8c9000-7f41da8ca000 rw-p 0000b000 07:00 2151                       /lib/x86_64-linux-gnu/libnss_nis-2.13.so
7f41da8ca000-7f41da8e1000 r-xp 00000000 07:00 2162                       /lib/x86_64-linux-gnu/libnsl-2.13.so
7f41da8e1000-7f41daae0000 ---p 00017000 07:00 2162                       /lib/x86_64-linux-gnu/libnsl-2.13.so
7f41daae0000-7f41daae1000 r--p 00016000 07:00 2162                       /lib/x86_64-linux-gnu/libnsl-2.13.so
7f41daae1000-7f41daae2000 rw-p 00017000 07:00 2162                       /lib/x86_64-linux-gnu/libnsl-2.13.so
7f41daae2000-7f41daae4000 rw-p 00000000 00:00 0 
7f41daae4000-7f41daaec000 r-xp 00000000 07:00 2105                       /lib/x86_64-linux-gnu/libnss_compat-2.13.so
7f41daaec000-7f41daceb000 ---p 00008000 07:00 2105                       /lib/x86_64-linux-gnu/libnss_compat-2.13.so
7f41daceb000-7f41dacec000 r--p 00007000 07:00 2105                       /lib/x86_64-linux-gnu/libnss_compat-2.13.so
7f41dacec000-7f41daced000 rw-p 00008000 07:00 2105                       /lib/x86_64-linux-gnu/libnss_compat-2.13.so
7f41daced000-7f41dad19000 r-xp 00000000 07:00 1113113                    /usr/lib/jvm/java-6-openjdk/jre/lib/amd64/libjava.so
7f41dad19000-7f41daf18000 ---p 0002c000 07:00 1113113                    /usr/lib/jvm/java-6-openjdk/jre/lib/amd64/libjava.so
7f41daf18000-7f41daf19000 r--p 0002b000 07:00 1113113                    /usr/lib/jvm/java-6-openjdk/jre/lib/amd64/libjava.so
7f41daf19000-7f41daf1c000 rw-p 0002c000 07:00 1113113                    /usr/lib/jvm/java-6-openjdk/jre/lib/amd64/libjava.so
7f41daf1c000-7f41daf2a000 r-xp 00000000 07:00 1113099                    /usr/lib/jvm/java-6-openjdk/jre/lib/amd64/libverify.so
7f41daf2a000-7f41db129000 ---p 0000e000 07:00 1113099                    /usr/lib/jvm/java-6-openjdk/jre/lib/amd64/libverify.so
7f41db129000-7f41db12b000 r--p 0000d000 07:00 1113099                    /usr/lib/jvm/java-6-openjdk/jre/lib/amd64/libverify.so
7f41db12b000-7f41db12c000 rw-p 0000f000 07:00 1113099                    /usr/lib/jvm/java-6-openjdk/jre/lib/amd64/libverify.so
7f41db12c000-7f41db133000 r-xp 00000000 07:00 2130                       /lib/x86_64-linux-gnu/librt-2.13.so
7f41db133000-7f41db332000 ---p 00007000 07:00 2130                       /lib/x86_64-linux-gnu/librt-2.13.so
7f41db332000-7f41db333000 r--p 00006000 07:00 2130                       /lib/x86_64-linux-gnu/librt-2.13.so
7f41db333000-7f41db334000 rw-p 00007000 07:00 2130                       /lib/x86_64-linux-gnu/librt-2.13.so
7f41db334000-7f41db349000 r-xp 00000000 07:00 2117                       /lib/x86_64-linux-gnu/libgcc_s.so.1
7f41db349000-7f41db548000 ---p 00015000 07:00 2117                       /lib/x86_64-linux-gnu/libgcc_s.so.1
7f41db548000-7f41db549000 r--p 00014000 07:00 2117                       /lib/x86_64-linux-gnu/libgcc_s.so.1
7f41db549000-7f41db54a000 rw-p 00015000 07:00 2117                       /lib/x86_64-linux-gnu/libgcc_s.so.1
7f41db54a000-7f41db5cd000 r-xp 00000000 07:00 2129                       /lib/x86_64-linux-gnu/libm-2.13.so
7f41db5cd000-7f41db7cc000 ---p 00083000 07:00 2129                       /lib/x86_64-linux-gnu/libm-2.13.so
7f41db7cc000-7f41db7cd000 r--p 00082000 07:00 2129                       /lib/x86_64-linux-gnu/libm-2.13.so
7f41db7cd000-7f41db7ce000 rw-p 00083000 07:00 2129                       /lib/x86_64-linux-gnu/libm-2.13.so
7f41db7ce000-7f41db8b6000 r-xp 00000000 07:00 70221                      /usr/lib/x86_64-linux-gnu/libstdc++.so.6.0.16
7f41db8b6000-7f41dbab6000 ---p 000e8000 07:00 70221                      /usr/lib/x86_64-linux-gnu/libstdc++.so.6.0.16
7f41dbab6000-7f41dbabe000 r--p 000e8000 07:00 70221                      /usr/lib/x86_64-linux-gnu/libstdc++.so.6.0.16
7f41dbabe000-7f41dbac0000 rw-p 000f0000 07:00 70221                      /usr/lib/x86_64-linux-gnu/libstdc++.so.6.0.16
7f41dbac0000-7f41dbad5000 rw-p 00000000 00:00 0 
7f41dbad5000-7f41dc3d8000 r-xp 00000000 07:00 1935528                    /usr/lib/jvm/java-6-openjdk/jre/lib/amd64/server/libjvm.so
7f41dc3d8000-7f41dc5d7000 ---p 00903000 07:00 1935528                    /usr/lib/jvm/java-6-openjdk/jre/lib/amd64/server/libjvm.so
7f41dc5d7000-7f41dc658000 r--p 00902000 07:00 1935528                    /usr/lib/jvm/java-6-openjdk/jre/lib/amd64/server/libjvm.so
7f41dc658000-7f41dc673000 rw-p 00983000 07:00 1935528                    /usr/lib/jvm/java-6-openjdk/jre/lib/amd64/server/libjvm.so
7f41dc673000-7f41dc69c000 rw-p 00000000 00:00 0 
7f41dc69c000-7f41dc6b3000 r-xp 00000000 07:00 2143                       /lib/x86_64-linux-gnu/libz.so.1.2.3.4
7f41dc6b3000-7f41dc8b2000 ---p 00017000 07:00 2143                       /lib/x86_64-linux-gnu/libz.so.1.2.3.4
7f41dc8b2000-7f41dc8b3000 r--p 00016000 07:00 2143                       /lib/x86_64-linux-gnu/libz.so.1.2.3.4
7f41dc8b3000-7f41dc8b4000 rw-p 00017000 07:00 2143                       /lib/x86_64-linux-gnu/libz.so.1.2.3.4
7f41dc8b4000-7f41dca49000 r-xp 00000000 07:00 2152                       /lib/x86_64-linux-gnu/libc-2.13.so
7f41dca49000-7f41dcc48000 ---p 00195000 07:00 2152                       /lib/x86_64-linux-gnu/libc-2.13.so
7f41dcc48000-7f41dcc4c000 r--p 00194000 07:00 2152                       /lib/x86_64-linux-gnu/libc-2.13.so
7f41dcc4c000-7f41dcc4d000 rw-p 00198000 07:00 2152                       /lib/x86_64-linux-gnu/libc-2.13.so
7f41dcc4d000-7f41dcc53000 rw-p 00000000 00:00 0 
7f41dcc53000-7f41dcc55000 r-xp 00000000 07:00 2113                       /lib/x86_64-linux-gnu/libdl-2.13.so
7f41dcc55000-7f41dce55000 ---p 00002000 07:00 2113                       /lib/x86_64-linux-gnu/libdl-2.13.so
7f41dce55000-7f41dce56000 r--p 00002000 07:00 2113                       /lib/x86_64-linux-gnu/libdl-2.13.so
7f41dce56000-7f41dce57000 rw-p 00003000 07:00 2113                       /lib/x86_64-linux-gnu/libdl-2.13.so
7f41dce57000-7f41dce5b000 r-xp 00000000 07:00 1154338                    /usr/lib/jvm/java-6-openjdk/jre/lib/amd64/jli/libjli.so
7f41dce5b000-7f41dd05a000 ---p 00004000 07:00 1154338                    /usr/lib/jvm/java-6-openjdk/jre/lib/amd64/jli/libjli.so
7f41dd05a000-7f41dd05b000 r--p 00003000 07:00 1154338                    /usr/lib/jvm/java-6-openjdk/jre/lib/amd64/jli/libjli.so
7f41dd05b000-7f41dd05c000 rw-p 00004000 07:00 1154338                    /usr/lib/jvm/java-6-openjdk/jre/lib/amd64/jli/libjli.so
7f41dd05c000-7f41dd074000 r-xp 00000000 07:00 2103                       /lib/x86_64-linux-gnu/libpthread-2.13.so
7f41dd074000-7f41dd273000 ---p 00018000 07:00 2103                       /lib/x86_64-linux-gnu/libpthread-2.13.so
7f41dd273000-7f41dd274000 r--p 00017000 07:00 2103                       /lib/x86_64-linux-gnu/libpthread-2.13.so
7f41dd274000-7f41dd275000 rw-p 00018000 07:00 2103                       /lib/x86_64-linux-gnu/libpthread-2.13.so
7f41dd275000-7f41dd279000 rw-p 00000000 00:00 0 
7f41dd279000-7f41dd29a000 r-xp 00000000 07:00 2111                       /lib/x86_64-linux-gnu/ld-2.13.so
7f41dd2b3000-7f41dd2bd000 rw-p 00000000 00:00 0 
7f41dd2bd000-7f41dd373000 rw-p 00000000 00:00 0 
7f41dd373000-7f41dd376000 ---p 00000000 00:00 0 
7f41dd376000-7f41dd479000 rw-p 00000000 00:00 0 
7f41dd48d000-7f41dd495000 rw-s 00000000 07:00 541712                     /tmp/hsperfdata_zazhu/2223
7f41dd495000-7f41dd496000 rw-p 00000000 00:00 0 
7f41dd496000-7f41dd497000 r--p 00000000 00:00 0 
7f41dd497000-7f41dd499000 rw-p 00000000 00:00 0 
7f41dd499000-7f41dd49a000 r--p 00020000 07:00 2111                       /lib/x86_64-linux-gnu/ld-2.13.so
7f41dd49a000-7f41dd49c000 rw-p 00021000 07:00 2111                       /lib/x86_64-linux-gnu/ld-2.13.so
7fff97f87000-7fff97fa8000 rw-p 00000000 00:00 0                          [stack]
7fff97fff000-7fff98000000 r-xp 00000000 00:00 0                          [vdso]
ffffffffff600000-ffffffffff601000 r-xp 00000000 00:00 0                  [vsyscall]

VM Arguments:
jvm_args: -Dfile.encoding=UTF-8 -Xbootclasspath:/home/zazhu/android-sdk-linux/platforms/android-7/android.jar 
java_command: com.zazhu.BlueHub.FrameParser
Launcher Type: SUN_STANDARD

Environment Variables:
PATH=/usr/lib/lightdm/lightdm:/usr/local/sbin:/usr/local/bin:/usr/sbin:/usr/bin:/sbin:/bin:/usr/games
USERNAME=zazhu
LD_LIBRARY_PATH=/usr/lib/jvm/java-6-openjdk/jre/lib/amd64/server:/usr/lib/jvm/java-6-openjdk/jre/lib/amd64:/usr/lib/jvm/java-6-openjdk/jre/../lib/amd64
SHELL=/bin/bash
DISPLAY=:0

Signal Handlers:
SIGSEGV: [libjvm.so+0x783e60], sa_mask[0]=0x7ffbfeff, sa_flags=0x10000004
SIGBUS: [libjvm.so+0x783e60], sa_mask[0]=0x7ffbfeff, sa_flags=0x10000004
SIGFPE: [libjvm.so+0x6485c0], sa_mask[0]=0x7ffbfeff, sa_flags=0x10000004
SIGPIPE: [libjvm.so+0x6485c0], sa_mask[0]=0x7ffbfeff, sa_flags=0x10000004
SIGXFSZ: [libjvm.so+0x6485c0], sa_mask[0]=0x7ffbfeff, sa_flags=0x10000004
SIGILL: [libjvm.so+0x6485c0], sa_mask[0]=0x7ffbfeff, sa_flags=0x10000004
SIGUSR1: SIG_DFL, sa_mask[0]=0x00000000, sa_flags=0x00000000
SIGUSR2: [libjvm.so+0x648770], sa_mask[0]=0x00000004, sa_flags=0x10000004
SIGHUP: SIG_DFL, sa_mask[0]=0x00000000, sa_flags=0x00000000
SIGINT: SIG_DFL, sa_mask[0]=0x00000000, sa_flags=0x00000000
SIGTERM: SIG_DFL, sa_mask[0]=0x00000000, sa_flags=0x00000000
SIGQUIT: SIG_DFL, sa_mask[0]=0x00000000, sa_flags=0x00000000


---------------  S Y S T E M  ---------------

OS:Ubuntu 11.10 (oneiric)
uname:Linux 3.0.0-13-generic #22-Ubuntu SMP Wed Nov 2 13:27:26 UTC 2011 x86_64
libc:glibc 2.13 NPTL 2.13 
rlimit: STACK 8192k, CORE 0k, NPROC 30467, NOFILE 4096, AS infinity
load average:0.53 0.66 0.30

/proc/meminfo:
MemTotal:        3915616 kB
MemFree:          201352 kB
Buffers:         1213228 kB
Cached:          1336740 kB
SwapCached:            0 kB
Active:          1072156 kB
Inactive:        2383920 kB
Active(anon):     906936 kB
Inactive(anon):     1240 kB
Active(file):     165220 kB
Inactive(file):  2382680 kB
Unevictable:           0 kB
Mlocked:               0 kB
SwapTotal:        262140 kB
SwapFree:         262140 kB
Dirty:              7904 kB
Writeback:             0 kB
AnonPages:        906436 kB
Mapped:           138344 kB
Shmem:              2060 kB
Slab:             117556 kB
SReclaimable:      87684 kB
SUnreclaim:        29872 kB
KernelStack:        3040 kB
PageTables:        23736 kB
NFS_Unstable:          0 kB
Bounce:                0 kB
WritebackTmp:          0 kB
CommitLimit:     2219948 kB
Committed_AS:    2458840 kB
VmallocTotal:   34359738367 kB
VmallocUsed:      353096 kB
VmallocChunk:   34359375788 kB
HardwareCorrupted:     0 kB
AnonHugePages:         0 kB
HugePages_Total:       0
HugePages_Free:        0
HugePages_Rsvd:        0
HugePages_Surp:        0
Hugepagesize:       2048 kB
DirectMap4k:       69632 kB
DirectMap2M:     3985408 kB


CPU:total 4 (2 cores per cpu, 2 threads per core) family 6 model 37 stepping 5, cmov, cx8, fxsr, mmx, sse, sse2, sse3, ssse3, sse4.1, sse4.2, popcnt, ht

Memory: 4k page, physical 3915616k(201352k free), swap 262140k(262140k free)

vm_info: OpenJDK 64-Bit Server VM (20.0-b11) for linux-amd64 JRE (1.6.0_23-b23), built on Oct 22 2011 01:00:57 by "buildd" with gcc 4.6.1

time: Fri Dec  2 10:26:01 2011
elapsed time: 0 seconds

